
===================================================================
New Battle
2018-10-03 17:19

Список армий: 
-----
Army-1
Стратегия: random
Отряды: 
Squad-1 (vehicles - 8 ед.)
Squad-2 (vehicles - 5 ед.)
Squad-3 (vehicles - 6 ед.)
Squad-4 (vehicles - 9 ед.)
-----
Army-2
Стратегия: random
Отряды: 
Squad-1 (soldiers - 9 ед.)
Squad-2 (vehicles - 7 ед.)
Squad-3 (vehicles - 9 ед.)
-----
Army-3
Стратегия: weakest
Отряды: 
Squad-1 (soldiers - 6 ед.)
Squad-2 (soldiers - 6 ед.)
Squad-3 (vehicles - 7 ед.)
Squad-4 (vehicles - 10 ед.)
-----
Army-4
Стратегия: weakest
Отряды: 
Squad-1 (soldiers - 7 ед.)
Squad-2 (soldiers - 10 ед.)
-----
Army-5
Стратегия: strongest
Отряды: 
Squad-1 (vehicles - 7 ед.)
Squad-2 (vehicles - 7 ед.)
Squad-3 (vehicles - 9 ед.)
-----
Army-6
Стратегия: random
Отряды: 
Squad-1 (vehicles - 5 ед.)
Squad-2 (vehicles - 7 ед.)
-----
Army-7
Стратегия: random
Отряды: 
Squad-1 (soldiers - 8 ед.)
Squad-2 (soldiers - 7 ед.)
Squad-3 (vehicles - 10 ед.)
Squad-4 (vehicles - 10 ед.)
-----
Army-8
Стратегия: weakest
Отряды: 
Squad-1 (vehicles - 7 ед.)
Squad-2 (soldiers - 9 ед.)
Squad-3 (vehicles - 8 ед.)
-----
Army-9
Стратегия: random
Отряды: 
Squad-1 (vehicles - 10 ед.)
Squad-2 (soldiers - 9 ед.)
Squad-3 (soldiers - 6 ед.)
-----
Army-10
Стратегия: random
Отряды: 
Squad-1 (soldiers - 6 ед.)
Squad-2 (soldiers - 7 ед.)
Squad-3 (vehicles - 7 ед.)
Squad-4 (soldiers - 8 ед.)
-----
Squad-2(Army-2) наносит 0.91 урона Squad-4(Army-3)
Squad-1(Army-3) наносит 0.36 урона Squad-1(Army-1)
Squad-1(Army-4) наносит 0.42 урона Squad-1(Army-1)
Squad-1(Army-6) наносит 0.65 урона Squad-1(Army-8)
Squad-2(Army-7) наносит 0.42 урона Squad-3(Army-5)
Squad-2(Army-8) наносит 0.54 урона Squad-1(Army-1)
Squad-3(Army-9) наносит 0.36 урона Squad-4(Army-3)
Squad-4(Army-10) наносит 0.48 урона Squad-1(Army-3)
Squad-4(Army-3) наносит 1.3 урона Squad-1(Army-1)
Squad-1(Army-4) наносит 0.49 урона Squad-1(Army-1)
Squad-2(Army-6) наносит 0.91 урона Squad-1(Army-3)
Squad-1(Army-7) наносит 0.48 урона Squad-1(Army-6)
Squad-1(Army-8) наносит 0.91 урона Squad-1(Army-1)
Squad-4(Army-10) наносит 0.56 урона Squad-2(Army-9)
Squad-3(Army-2) наносит 1.17 урона Squad-2(Army-6)
Squad-2(Army-3) наносит 0.36 урона Squad-1(Army-1)
Squad-2(Army-4) наносит 0.6 урона Squad-1(Army-1)
Squad-3(Army-9) наносит 0.42 урона Squad-3(Army-10)
Squad-2(Army-10) наносит 0.42 урона Squad-1(Army-5)
Squad-1(Army-2) наносит 0.54 урона Squad-1(Army-8)
Squad-2(Army-5) наносит 0.91 урона Squad-4(Army-10)
Squad-1(Army-6) наносит 0.8 урона Squad-2(Army-2)
Squad-1(Army-7) наносит 0.56 урона Squad-3(Army-10)
Squad-2(Army-8) наносит 0.63 урона Squad-1(Army-1)
Squad-3(Army-10) наносит 0.91 урона Squad-1(Army-6)
Squad-2(Army-1) наносит 0.65 урона Squad-2(Army-9)
Squad-1(Army-2) наносит 0.63 урона Squad-3(Army-10)
Squad-2(Army-4) наносит 0.7 урона Squad-1(Army-1)
Squad-2(Army-6) наносит 1.12 урона Squad-4(Army-3)
Squad-3(Army-8) наносит 1.04 урона Squad-1(Army-1)
Squad-4(Army-1) наносит 1.17 урона Squad-3(Army-3)
Squad-2(Army-5) наносит 1.12 урона Squad-4(Army-10)
Squad-2(Army-6) наносит 1.33 урона Squad-2(Army-7)
Squad-1(Army-9) наносит 1.3 урона Squad-3(Army-1)
Squad-2(Army-2) наносит 1.12 урона Squad-1(Army-6)
Squad-1(Army-3) наносит 0.42 урона Squad-1(Army-1)
Squad-1(Army-4) наносит 0.56 урона Squad-1(Army-1)
Squad-1(Army-5) наносит 0.91 урона Squad-4(Army-10)
Squad-3(Army-7) наносит 1.3 урона Squad-2(Army-8)
Squad-2(Army-9) наносит 0.54 урона Squad-1(Army-8)
Squad-3(Army-2) наносит 1.44 урона Squad-2(Army-1)
Squad-4(Army-3) наносит 1.6 урона Squad-1(Army-1)
Squad-3(Army-5) наносит 1.17 урона Squad-4(Army-10)
Squad-1(Army-8) наносит 1.12 урона Squad-1(Army-1)
Squad-1(Army-9) наносит 1.6 урона Squad-3(Army-7)
Squad-1(Army-10) наносит 0.36 урона Squad-2(Army-9)
Squad-2(Army-4) наносит 0.8 урона Squad-1(Army-1)
Squad-2(Army-6) наносит 1.54 урона Squad-1(Army-1)
Squad-2(Army-8) наносит 0.72 урона Squad-1(Army-1)
Squad-3(Army-2) наносит 1.71 урона Squad-4(Army-1)
Squad-2(Army-3) наносит 0.42 урона Squad-1(Army-1)
Squad-1(Army-4) наносит 0.63 урона Squad-1(Army-1)
Squad-1(Army-8) наносит 1.33 урона Squad-1(Army-1)
Squad-2(Army-9) наносит 0.63 урона Squad-1(Army-8)
Squad-3(Army-10) наносит 1.12 урона Squad-3(Army-9)
Squad-4(Army-1) наносит 1.44 урона Squad-3(Army-3)
Squad-1(Army-2) наносит 0.72 урона Squad-2(Army-1)
Squad-4(Army-3) наносит 1.9 урона Squad-1(Army-1)
Squad-2(Army-4) наносит 0.9 урона Squad-1(Army-1)
Squad-1(Army-6) наносит 0.95 урона Squad-3(Army-1)
Squad-3(Army-7) наносит 1.6 урона Squad-2(Army-3)
Squad-2(Army-8) наносит 0.81 урона Squad-1(Army-1)
Squad-2(Army-9) наносит 0.72 урона Squad-1(Army-1)
Squad-2(Army-4) наносит 1 урона Squad-1(Army-1)
Squad-2(Army-6) наносит 1.75 урона Squad-3(Army-10)
Squad-3(Army-7) наносит 1.9 урона Squad-1(Army-1)
Squad-3(Army-8) наносит 1.28 урона Squad-1(Army-1)
Squad-2(Army-9) наносит 0.81 урона Squad-1(Army-5)
Squad-2(Army-1) наносит 0.8 урона Squad-1(Army-10)
Squad-1(Army-2) наносит 0.81 урона Squad-3(Army-5)
Squad-4(Army-3) наносит 2.2 урона Squad-1(Army-1)
Squad-1(Army-4) наносит 0.7 урона Squad-1(Army-1)
Squad-1(Army-5) наносит 1.12 урона Squad-4(Army-10)
Squad-1(Army-6) наносит 1.1 урона Squad-2(Army-1)
Squad-4(Army-1) наносит 1.71 урона Squad-1(Army-3)
Squad-2(Army-3) наносит 0.48 урона Squad-1(Army-1)
Squad-2(Army-4) наносит 1.1 урона Squad-1(Army-1)
Squad-1(Army-5) наносит 1.33 урона Squad-4(Army-10)
Squad-3(Army-7) наносит 2.2 урона Squad-2(Army-2)
Squad-3(Army-8) наносит 1.52 урона Squad-1(Army-1)
Squad-3(Army-2) наносит 1.98 урона Squad-3(Army-8)
Squad-1(Army-3) наносит 0.48 урона Squad-1(Army-1)
Squad-1(Army-4) наносит 0.77 урона Squad-1(Army-1)
Squad-1(Army-5) наносит 1.54 урона Squad-4(Army-10)
Squad-2(Army-6) наносит 1.96 урона Squad-3(Army-1)
Squad-1(Army-7) наносит 0.64 урона Squad-1(Army-10)
Squad-3(Army-8) наносит 1.76 урона Squad-1(Army-1)
Squad-3(Army-10) наносит 1.33 урона Squad-1(Army-4)
Squad-3(Army-1) наносит 0.78 урона Squad-4(Army-10)
Squad-3(Army-3) наносит 0.91 урона Squad-1(Army-1)
Squad-1(Army-4) наносит 0.84 урона Squad-1(Army-1)
Squad-2(Army-5) наносит 1.33 урона Squad-4(Army-10)
Squad-1(Army-6) наносит 1.25 урона Squad-3(Army-7)
Squad-3(Army-7) наносит 2.5 урона Squad-2(Army-10)
Squad-1(Army-8) наносит 1.54 урона Squad-1(Army-1)
Squad-2(Army-9) наносит 0.9 урона Squad-3(Army-7)
Squad-4(Army-3) наносит 2.5 урона Squad-1(Army-1)
Squad-2(Army-4) наносит 1.2 урона Squad-1(Army-1)
Squad-2(Army-5) наносит 1.54 урона Squad-4(Army-10)
Squad-1(Army-6) наносит 1.4 урона Squad-2(Army-2)
Squad-1(Army-8) наносит 1.75 урона Squad-1(Army-1)
Squad-2(Army-9) наносит 0.99 урона Squad-1(Army-5)
Squad-3(Army-3) наносит 1.12 урона Squad-1(Army-1)
Squad-1(Army-4) наносит 0.91 урона Squad-1(Army-1)
Squad-3(Army-5) наносит 1.44 урона Squad-4(Army-10)
Squad-3(Army-8) наносит 2 урона Squad-1(Army-1)
Squad-4(Army-1) наносит 1.98 урона Squad-2(Army-9)
Squad-3(Army-2) наносит 2.25 урона Squad-1(Army-6)
Squad-3(Army-3) наносит 1.33 урона Squad-1(Army-1)
Squad-2(Army-4) наносит 1.3 урона Squad-1(Army-1)
Squad-3(Army-5) наносит 1.71 урона Squad-4(Army-10)
Squad-1(Army-6) наносит 1.55 урона Squad-2(Army-2)
Squad-1(Army-8) наносит 1.96 урона Squad-1(Army-1)
Squad-4(Army-10) наносит 0.64 урона Squad-3(Army-9)
Squad-3(Army-1) наносит 0.96 урона Squad-1(Army-5)
Squad-2(Army-3) наносит 0.54 урона Squad-1(Army-1)
Squad-2(Army-4) наносит 1.4 урона Squad-1(Army-1)
Squad-3(Army-5) наносит 1.98 урона Squad-4(Army-10)
Squad-2(Army-6) наносит 2.17 урона Squad-3(Army-1)
Squad-3(Army-7) наносит 2.8 урона Squad-1(Army-8)
Squad-3(Army-8) наносит 2.24 урона Squad-1(Army-1)
Squad-3(Army-2) наносит 2.52 урона Squad-1(Army-10)
Squad-1(Army-3) наносит 0.54 урона Squad-1(Army-1)
Squad-1(Army-4) наносит 0.98 урона Squad-1(Army-1)
Squad-2(Army-5) наносит 1.75 урона Squad-4(Army-10)
Squad-1(Army-6) наносит 1.7 урона Squad-4(Army-3)
Squad-1(Army-7) наносит 0.72 урона Squad-1(Army-4)
Squad-2(Army-8) наносит 0.9 урона Squad-1(Army-1)
Squad-4(Army-1) наносит 2.25 урона Squad-1(Army-2)
Squad-2(Army-2) наносит 1.33 урона Squad-1(Army-8)
Squad-2(Army-3) наносит 0.6 урона Squad-1(Army-1)
Squad-2(Army-4) наносит 1.5 урона Squad-1(Army-1)
Squad-1(Army-5) наносит 1.75 урона Squad-4(Army-10)
Squad-3(Army-7) наносит 3.1 урона Squad-3(Army-2)
Squad-1(Army-8) наносит 2.17 урона Squad-1(Army-1)
Squad-2(Army-10) наносит 0.49 урона Squad-2(Army-7)
Squad-3(Army-1) наносит 1.14 урона Squad-3(Army-3)
Squad-2(Army-3) наносит 0.66 урона Squad-1(Army-1)
Squad-1(Army-4) наносит 1.05 урона Squad-1(Army-1)
Squad-3(Army-5) наносит 2.25 урона Squad-4(Army-10)
Squad-3(Army-7) наносит 3.4 урона Squad-1(Army-10)
Squad-3(Army-8) наносит 2.48 урона Squad-1(Army-1)
Squad-1(Army-9) наносит 1.9 урона Squad-3(Army-3)
Squad-2(Army-10) наносит 0.56 урона Squad-3(Army-1)
Squad-3(Army-1) наносит 1.32 урона Squad-3(Army-3)
Squad-3(Army-2) наносит 2.79 урона Squad-2(Army-10)
Squad-3(Army-3) наносит 1.54 урона Squad-1(Army-1)
Squad-2(Army-4) наносит 1.6 урона Squad-1(Army-1)
Squad-3(Army-5) наносит 2.52 урона Squad-4(Army-10)
Squad-1(Army-6) наносит 1.85 урона Squad-1(Army-8)
Squad-1(Army-8) наносит 2.38 урона Squad-1(Army-1)
Squad-1(Army-10) наносит 0.42 урона Squad-2(Army-4)
Squad-3(Army-2) наносит 3.06 урона Squad-1(Army-4)
Squad-4(Army-3) наносит 2.8 урона Squad-1(Army-1)
Squad-2(Army-4) наносит 1.7 урона Squad-1(Army-1)
Squad-2(Army-5) наносит 1.96 урона Squad-4(Army-10)
Squad-1(Army-8) наносит 2.59 урона Squad-1(Army-1)
Squad-3(Army-9) наносит 0.48 урона Squad-3(Army-3)
Squad-2(Army-2) наносит 1.54 урона Squad-2(Army-9)
Squad-2(Army-3) наносит 0.72 урона Squad-1(Army-1)
Squad-1(Army-4) наносит 1.12 урона Squad-1(Army-1)
Squad-3(Army-5) наносит 2.79 урона Squad-4(Army-10)
Squad-2(Army-8) наносит 0.99 урона Squad-1(Army-1)
Squad-3(Army-9) наносит 0.54 урона Squad-3(Army-10)
Squad-3(Army-2) наносит 3.33 урона Squad-3(Army-1)
Squad-2(Army-3) наносит 0.78 урона Squad-1(Army-1)
Squad-1(Army-4) наносит 1.19 урона Squad-1(Army-1)
Squad-3(Army-5) наносит 3.06 урона Squad-4(Army-10)
Squad-1(Army-6) наносит 2 урона Squad-3(Army-8)
Squad-1(Army-7) наносит 0.8 урона Squad-1(Army-4)
Squad-3(Army-8) наносит 2.72 урона Squad-1(Army-1)
Squad-2(Army-3) наносит 0.84 урона Squad-1(Army-1)
Squad-2(Army-4) наносит 1.8 урона Squad-1(Army-1)
Squad-1(Army-5) наносит 1.96 урона Squad-4(Army-10)
Squad-1(Army-6) наносит 2.15 урона Squad-2(Army-2)
Squad-1(Army-7) наносит 0.88 урона Squad-3(Army-1)
Squad-3(Army-8) наносит 2.96 урона Squad-1(Army-1)
Squad-2(Army-9) наносит 1.08 урона Squad-1(Army-4)
Squad-2(Army-3) наносит 0.9 урона Squad-1(Army-1)
Squad-2(Army-4) наносит 1.9 урона Squad-1(Army-1)
Squad-1(Army-5) наносит 2.17 урона Squad-4(Army-10)
Squad-2(Army-6) наносит 2.38 урона Squad-3(Army-1)
Squad-2(Army-8) наносит 1.08 урона Squad-1(Army-1)
Squad-3(Army-9) наносит 0.6 урона Squad-1(Army-3)
Squad-1(Army-2) наносит 0.9 урона Squad-3(Army-1)
Squad-2(Army-3) наносит 0.96 урона Squad-1(Army-1)
Squad-2(Army-4) наносит 2 урона Squad-1(Army-1)
Squad-3(Army-5) наносит 3.33 урона Squad-4(Army-10)
Squad-2(Army-6) наносит 2.59 урона Squad-3(Army-9)
Squad-3(Army-8) наносит 3.2 урона Squad-1(Army-1)
Squad-1(Army-3) наносит 0.6 урона Squad-1(Army-1)
Squad-1(Army-4) наносит 1.26 урона Squad-1(Army-1)
Squad-1(Army-5) наносит 2.38 урона Squad-4(Army-10)
Squad-2(Army-6) наносит 2.8 урона Squad-1(Army-4)
Squad-1(Army-8) наносит 2.8 урона Squad-1(Army-1)
Squad-1(Army-10) наносит 0.48 урона Squad-1(Army-9)
Squad-4(Army-1) наносит 2.52 урона Squad-1(Army-6)
Squad-4(Army-3) наносит 3.1 урона Squad-1(Army-1)
Squad-2(Army-4) наносит 2.1 урона Squad-1(Army-1)
Squad-2(Army-5) наносит 2.17 урона Squad-4(Army-10)
Squad-1(Army-6) наносит 2.3 урона Squad-1(Army-9)
Squad-1(Army-8) наносит 3.01 урона Squad-1(Army-1)
Squad-1(Army-9) наносит 2.2 урона Squad-1(Army-10)
Squad-1(Army-3) наносит 0.66 урона Squad-1(Army-1)
Squad-1(Army-4) наносит 1.33 урона Squad-1(Army-1)
Squad-1(Army-5) наносит 2.59 урона Squad-4(Army-10)
Squad-1(Army-6) наносит 2.45 урона Squad-1(Army-5)
Squad-1(Army-8) наносит 3.22 урона Squad-1(Army-1)
Squad-4(Army-3) наносит 3.4 урона Squad-1(Army-1)
Squad-1(Army-4) наносит 1.4 урона Squad-1(Army-1)
Squad-1(Army-5) наносит 2.8 урона Squad-4(Army-10)
Squad-1(Army-8) наносит 3.43 урона Squad-1(Army-1)
Squad-1(Army-9) наносит 2.5 урона Squad-4(Army-10)
Squad-4(Army-1) наносит 2.79 урона Squad-2(Army-6)
Squad-3(Army-3) наносит 1.75 урона Squad-1(Army-1)
Squad-2(Army-4) наносит 2.2 урона Squad-1(Army-1)
Squad-2(Army-5) наносит 2.38 урона Squad-4(Army-10)
Squad-1(Army-6) наносит 2.6 урона Squad-3(Army-5)
Squad-3(Army-8) наносит 3.44 урона Squad-1(Army-1)
Squad-1(Army-10) наносит 0.54 урона Squad-3(Army-3)
Squad-3(Army-2) наносит 3.6 урона Squad-3(Army-10)
Squad-3(Army-3) наносит 1.96 урона Squad-1(Army-1)
Squad-1(Army-4) наносит 1.47 урона Squad-1(Army-1)
Squad-2(Army-5) наносит 2.59 урона Squad-4(Army-10)
Squad-2(Army-8) наносит 1.17 урона Squad-1(Army-1)
Squad-3(Army-9) наносит 0.66 урона Squad-1(Army-2)
Squad-1(Army-2) наносит 0.99 урона Squad-4(Army-1)
Squad-2(Army-3) наносит 1.02 урона Squad-1(Army-1)
Squad-1(Army-4) наносит 1.54 урона Squad-1(Army-1)
Squad-3(Army-5) наносит 3.6 урона Squad-4(Army-10)
Squad-1(Army-6) наносит 2.75 урона Squad-3(Army-9)
Squad-3(Army-7) наносит 3.7 урона Squad-2(Army-1)
Squad-3(Army-8) наносит 3.68 урона Squad-1(Army-1)
Squad-2(Army-3) наносит 1.08 урона Squad-1(Army-1)
Squad-2(Army-4) наносит 2.3 урона Squad-1(Army-1)
Squad-2(Army-5) наносит 2.8 урона Squad-4(Army-10)
Squad-1(Army-8) наносит 3.64 урона Squad-1(Army-1)
Squad-4(Army-1) наносит 3.06 урона Squad-1(Army-10)
Squad-1(Army-3) наносит 0.72 урона Squad-1(Army-1)
Squad-1(Army-4) наносит 1.61 урона Squad-1(Army-1)
Squad-1(Army-5) наносит 3.01 урона Squad-4(Army-10)
Squad-1(Army-8) наносит 3.85 урона Squad-1(Army-1)
Squad-1(Army-10) наносит 0.6 урона Squad-1(Army-2)
Squad-2(Army-3) наносит 1.14 урона Squad-1(Army-1)
Squad-2(Army-4) наносит 2.4 урона Squad-1(Army-1)
Squad-3(Army-5) наносит 3.87 урона Squad-4(Army-10)
Squad-1(Army-6) наносит 2.9 урона Squad-1(Army-7)
Squad-1(Army-7) наносит 0.96 урона Squad-2(Army-8)
Squad-3(Army-8) наносит 3.92 урона Squad-1(Army-1)
Squad-3(Army-1) наносит 1.5 урона Squad-3(Army-10)
Squad-1(Army-2) наносит 1.08 урона Squad-1(Army-9)
Squad-4(Army-3) наносит 3.7 урона Squad-1(Army-1)
> Squad-1 (Army-1) уничтожен!
Squad-2(Army-4) наносит 2.5 урона Squad-2(Army-1)
Squad-3(Army-5) наносит 4.14 урона Squad-4(Army-10)
Squad-3(Army-8) наносит 4.16 урона Squad-2(Army-1)
Squad-1(Army-9) наносит 2.8 урона Squad-3(Army-1)
Squad-2(Army-3) наносит 1.2 урона Squad-2(Army-1)
Squad-2(Army-4) наносит 2.6 урона Squad-2(Army-1)
Squad-3(Army-5) наносит 4.41 урона Squad-4(Army-10)
Squad-1(Army-6) наносит 3.05 урона Squad-1(Army-9)
Squad-2(Army-8) наносит 1.26 урона Squad-2(Army-1)
Squad-2(Army-9) наносит 1.17 урона Squad-4(Army-1)
Squad-2(Army-10) наносит 0.63 урона Squad-4(Army-1)
Squad-4(Army-3) наносит 4 урона Squad-2(Army-1)
Squad-2(Army-4) наносит 2.7 урона Squad-2(Army-1)
Squad-2(Army-5) наносит 3.01 урона Squad-4(Army-10)
Squad-2(Army-8) наносит 1.35 урона Squad-2(Army-1)
Squad-1(Army-9) наносит 3.1 урона Squad-2(Army-7)
Squad-2(Army-3) наносит 1.26 урона Squad-2(Army-1)
Squad-2(Army-4) наносит 2.8 урона Squad-2(Army-1)
Squad-1(Army-5) наносит 3.22 урона Squad-4(Army-10)
Squad-1(Army-6) наносит 3.2 урона Squad-1(Army-9)
Squad-1(Army-7) наносит 1.04 урона Squad-4(Army-1)
Squad-2(Army-8) наносит 1.44 урона Squad-2(Army-1)
Squad-3(Army-3) наносит 2.17 урона Squad-2(Army-1)
Squad-2(Army-4) наносит 2.9 урона Squad-2(Army-1)
Squad-1(Army-5) наносит 3.43 урона Squad-4(Army-10)
Squad-1(Army-6) наносит 3.35 урона Squad-1(Army-9)
Squad-2(Army-7) наносит 0.49 урона Squad-1(Army-2)
Squad-1(Army-8) наносит 4.06 урона Squad-2(Army-1)
Squad-1(Army-3) наносит 0.78 урона Squad-2(Army-1)
Squad-1(Army-4) наносит 1.68 урона Squad-2(Army-1)
Squad-3(Army-5) наносит 4.68 урона Squad-4(Army-10)
Squad-1(Army-6) наносит 3.5 урона Squad-1(Army-7)
Squad-4(Army-7) наносит 1.3 урона Squad-1(Army-4)
Squad-3(Army-8) наносит 4.4 урона Squad-2(Army-1)
Squad-2(Army-2) наносит 1.75 урона Squad-2(Army-10)
Squad-2(Army-3) наносит 1.32 урона Squad-2(Army-1)
Squad-1(Army-4) наносит 1.75 урона Squad-2(Army-1)
Squad-1(Army-5) наносит 3.64 урона Squad-4(Army-10)
Squad-4(Army-7) наносит 1.6 урона Squad-2(Army-9)
Squad-3(Army-8) наносит 4.64 урона Squad-2(Army-1)
Squad-3(Army-10) наносит 1.54 урона Squad-2(Army-8)
Squad-2(Army-3) наносит 1.38 урона Squad-2(Army-1)
Squad-2(Army-4) наносит 3 урона Squad-2(Army-1)
Squad-3(Army-5) наносит 4.95 урона Squad-4(Army-10)
> Squad-4 (Army-10) уничтожен!
Squad-1(Army-6) наносит 3.65 урона Squad-3(Army-10)
Squad-3(Army-8) наносит 4.88 урона Squad-2(Army-1)
Squad-1(Army-10) наносит 0.66 урона Squad-3(Army-3)
Squad-1(Army-2) наносит 1.17 урона Squad-3(Army-1)
Squad-3(Army-3) наносит 2.38 урона Squad-2(Army-1)
Squad-1(Army-4) наносит 1.82 урона Squad-2(Army-1)
Squad-2(Army-5) наносит 3.22 урона Squad-3(Army-10)
Squad-3(Army-8) наносит 5.12 урона Squad-2(Army-1)
Squad-3(Army-3) наносит 2.59 урона Squad-2(Army-1)
Squad-1(Army-4) наносит 1.89 урона Squad-2(Army-1)
Squad-1(Army-5) наносит 3.85 урона Squad-3(Army-10)
Squad-2(Army-8) наносит 1.53 урона Squad-2(Army-1)
Squad-2(Army-9) наносит 1.26 урона Squad-3(Army-2)
Squad-2(Army-2) наносит 1.96 урона Squad-3(Army-1)
Squad-4(Army-3) наносит 4.3 урона Squad-2(Army-1)
Squad-1(Army-4) наносит 1.96 урона Squad-2(Army-1)
Squad-2(Army-5) наносит 3.43 урона Squad-3(Army-10)
Squad-1(Army-6) наносит 3.8 урона Squad-3(Army-8)
Squad-3(Army-7) наносит 4 урона Squad-3(Army-10)
Squad-2(Army-8) наносит 1.62 урона Squad-2(Army-1)
Squad-1(Army-9) наносит 3.4 урона Squad-3(Army-7)
Squad-2(Army-2) наносит 2.17 урона Squad-1(Army-3)
Squad-3(Army-3) наносит 2.8 урона Squad-2(Army-1)
Squad-2(Army-4) наносит 3.1 урона Squad-2(Army-1)
Squad-3(Army-5) наносит 5.22 урона Squad-3(Army-10)
Squad-1(Army-6) наносит 3.95 урона Squad-3(Army-3)
Squad-2(Army-8) наносит 1.71 урона Squad-2(Army-1)
Squad-3(Army-2) наносит 3.87 урона Squad-2(Army-7)
Squad-2(Army-3) наносит 1.44 урона Squad-2(Army-1)
Squad-2(Army-4) наносит 3.2 урона Squad-2(Army-1)
Squad-1(Army-5) наносит 4.06 урона Squad-3(Army-10)
Squad-2(Army-6) наносит 3.01 урона Squad-2(Army-10)
Squad-1(Army-8) наносит 4.27 урона Squad-2(Army-1)
Squad-1(Army-9) наносит 3.7 урона Squad-2(Army-2)
Squad-4(Army-1) наносит 3.33 урона Squad-2(Army-10)
Squad-2(Army-2) наносит 2.38 урона Squad-3(Army-7)
Squad-3(Army-3) наносит 3.01 урона Squad-2(Army-1)
Squad-2(Army-4) наносит 3.3 урона Squad-2(Army-1)
Squad-2(Army-5) наносит 3.64 урона Squad-3(Army-10)
Squad-2(Army-6) наносит 3.22 урона Squad-3(Army-3)
Squad-2(Army-8) наносит 1.8 урона Squad-2(Army-1)
Squad-2(Army-9) наносит 1.35 урона Squad-3(Army-2)
Squad-4(Army-1) наносит 3.6 урона Squad-4(Army-3)
Squad-2(Army-3) наносит 1.5 урона Squad-2(Army-1)
Squad-2(Army-4) наносит 3.4 урона Squad-2(Army-1)
Squad-3(Army-5) наносит 5.49 урона Squad-3(Army-10)
Squad-2(Army-6) наносит 3.43 урона Squad-2(Army-9)
Squad-3(Army-7) наносит 4.3 урона Squad-2(Army-3)
Squad-2(Army-8) наносит 1.89 урона Squad-2(Army-1)
Squad-3(Army-10) наносит 1.75 урона Squad-2(Army-1)
Squad-3(Army-2) наносит 4.14 урона Squad-2(Army-1)
Squad-1(Army-3) наносит 0.84 урона Squad-2(Army-1)
Squad-2(Army-4) наносит 3.5 урона Squad-2(Army-1)
Squad-3(Army-5) наносит 5.76 урона Squad-3(Army-10)
Squad-1(Army-6) наносит 4.1 урона Squad-2(Army-7)
Squad-4(Army-7) наносит 1.9 урона Squad-1(Army-2)
Squad-1(Army-8) наносит 4.48 урона Squad-2(Army-1)
Squad-2(Army-9) наносит 1.44 урона Squad-1(Army-7)
Squad-4(Army-3) наносит 4.6 урона Squad-2(Army-1)
Squad-2(Army-4) наносит 3.6 урона Squad-2(Army-1)
Squad-2(Army-5) наносит 3.85 урона Squad-3(Army-10)
Squad-2(Army-6) наносит 3.64 урона Squad-3(Army-7)
Squad-2(Army-8) наносит 1.98 урона Squad-2(Army-1)
Squad-3(Army-1) наносит 1.68 урона Squad-2(Army-10)
Squad-1(Army-2) наносит 1.26 урона Squad-3(Army-8)
Squad-3(Army-3) наносит 3.22 урона Squad-2(Army-1)
Squad-1(Army-4) наносит 2.03 урона Squad-2(Army-1)
Squad-2(Army-5) наносит 4.06 урона Squad-3(Army-10)
Squad-1(Army-7) наносит 1.12 урона Squad-3(Army-1)
Squad-1(Army-8) наносит 4.69 урона Squad-2(Army-1)
Squad-1(Army-10) наносит 0.72 урона Squad-2(Army-1)
Squad-2(Army-3) наносит 1.56 урона Squad-2(Army-1)
Squad-2(Army-4) наносит 3.7 урона Squad-2(Army-1)
Squad-3(Army-5) наносит 6.03 урона Squad-3(Army-10)
Squad-2(Army-6) наносит 3.85 урона Squad-1(Army-8)
Squad-3(Army-8) наносит 5.36 урона Squad-2(Army-1)
> Squad-2 (Army-1) уничтожен!
Squad-1(Army-9) наносит 4 урона Squad-1(Army-3)
Squad-4(Army-1) наносит 3.87 урона Squad-1(Army-8)
Squad-2(Army-2) наносит 2.59 урона Squad-1(Army-3)
Squad-1(Army-4) наносит 2.1 урона Squad-3(Army-1)
Squad-3(Army-5) наносит 6.3 урона Squad-3(Army-10)
Squad-2(Army-6) наносит 4.06 урона Squad-1(Army-2)
Squad-2(Army-8) наносит 2.07 урона Squad-3(Army-1)
Squad-3(Army-9) наносит 0.72 урона Squad-1(Army-3)
Squad-3(Army-2) наносит 4.41 урона Squad-3(Army-1)
Squad-2(Army-3) наносит 1.62 урона Squad-3(Army-1)
Squad-2(Army-4) наносит 3.8 урона Squad-3(Army-1)
Squad-3(Army-5) наносит 6.57 урона Squad-3(Army-10)
Squad-1(Army-6) наносит 4.25 урона Squad-2(Army-2)
Squad-2(Army-7) наносит 0.56 урона Squad-3(Army-10)
Squad-2(Army-8) наносит 2.16 урона Squad-3(Army-1)
Squad-2(Army-10) наносит 0.7 урона Squad-3(Army-1)
Squad-4(Army-1) наносит 4.14 урона Squad-1(Army-9)
Squad-3(Army-2) наносит 4.68 урона Squad-1(Army-4)
Squad-4(Army-3) наносит 4.9 урона Squad-3(Army-1)
Squad-2(Army-4) наносит 3.9 урона Squad-3(Army-1)
Squad-2(Army-5) наносит 4.27 урона Squad-3(Army-10)
Squad-2(Army-6) наносит 4.27 урона Squad-2(Army-9)
Squad-2(Army-7) наносит 0.63 урона Squad-1(Army-2)
Squad-3(Army-8) наносит 5.6 урона Squad-3(Army-1)
Squad-2(Army-9) наносит 1.53 урона Squad-3(Army-1)
Squad-3(Army-2) наносит 4.95 урона Squad-4(Army-3)
Squad-3(Army-3) наносит 3.43 урона Squad-3(Army-1)
Squad-2(Army-4) наносит 4 урона Squad-3(Army-1)
Squad-2(Army-5) наносит 4.48 урона Squad-3(Army-10)
Squad-2(Army-7) наносит 0.7 урона Squad-1(Army-10)
Squad-1(Army-8) наносит 4.9 урона Squad-3(Army-1)
Squad-2(Army-3) наносит 1.68 урона Squad-3(Army-1)
Squad-2(Army-4) наносит 4.1 урона Squad-3(Army-1)
Squad-3(Army-5) наносит 6.84 урона Squad-3(Army-10)
Squad-2(Army-6) наносит 4.48 урона Squad-3(Army-10)
Squad-2(Army-8) наносит 2.25 урона Squad-3(Army-1)
Squad-2(Army-9) наносит 1.62 урона Squad-2(Army-7)
Squad-1(Army-10) наносит 0.78 урона Squad-3(Army-7)
Squad-3(Army-2) наносит 5.22 урона Squad-3(Army-1)
Squad-1(Army-3) наносит 0.9 урона Squad-3(Army-1)
Squad-1(Army-4) наносит 2.17 урона Squad-3(Army-1)
Squad-1(Army-5) наносит 4.27 урона Squad-3(Army-10)
Squad-2(Army-6) наносит 4.69 урона Squad-1(Army-7)
Squad-1(Army-7) наносит 1.2 урона Squad-3(Army-10)
Squad-2(Army-8) наносит 2.34 урона Squad-3(Army-1)
Squad-3(Army-3) наносит 3.64 урона Squad-3(Army-1)
Squad-1(Army-4) наносит 2.24 урона Squad-3(Army-1)
Squad-2(Army-5) наносит 4.69 урона Squad-3(Army-10)
Squad-1(Army-6) наносит 4.4 урона Squad-2(Army-10)
Squad-1(Army-8) наносит 5.11 урона Squad-3(Army-1)
Squad-3(Army-2) наносит 5.49 урона Squad-2(Army-5)
Squad-3(Army-3) наносит 3.85 урона Squad-3(Army-1)
Squad-2(Army-4) наносит 4.2 урона Squad-3(Army-1)
Squad-1(Army-5) наносит 4.48 урона Squad-3(Army-10)
Squad-1(Army-6) наносит 4.55 урона Squad-1(Army-8)
Squad-3(Army-8) наносит 5.84 урона Squad-3(Army-1)
Squad-1(Army-2) наносит 1.35 урона Squad-3(Army-1)
Squad-3(Army-3) наносит 4.06 урона Squad-3(Army-1)
Squad-1(Army-4) наносит 2.31 урона Squad-3(Army-1)
Squad-1(Army-5) наносит 4.69 урона Squad-3(Army-10)
Squad-2(Army-6) наносит 4.9 урона Squad-3(Army-5)
Squad-2(Army-7) наносит 0.77 урона Squad-3(Army-3)
Squad-1(Army-8) наносит 5.32 урона Squad-3(Army-1)
Squad-1(Army-3) наносит 0.96 урона Squad-3(Army-1)
Squad-2(Army-4) наносит 4.3 урона Squad-3(Army-1)
Squad-1(Army-5) наносит 4.9 урона Squad-3(Army-10)
Squad-1(Army-7) наносит 1.28 урона Squad-3(Army-1)
Squad-2(Army-8) наносит 2.43 урона Squad-3(Army-1)
Squad-1(Army-3) наносит 1.02 урона Squad-3(Army-1)
Squad-2(Army-4) наносит 4.4 урона Squad-3(Army-1)
Squad-3(Army-5) наносит 7.11 урона Squad-3(Army-10)
Squad-3(Army-7) наносит 4.6 урона Squad-3(Army-10)
Squad-1(Army-8) наносит 5.53 урона Squad-3(Army-1)
Squad-4(Army-1) наносит 4.41 урона Squad-2(Army-10)
Squad-1(Army-2) наносит 1.44 урона Squad-3(Army-9)
Squad-1(Army-3) наносит 1.08 урона Squad-3(Army-1)
Squad-2(Army-4) наносит 4.5 урона Squad-3(Army-1)
Squad-2(Army-5) наносит 4.9 урона Squad-3(Army-10)
Squad-1(Army-8) наносит 5.74 урона Squad-3(Army-1)
Squad-3(Army-3) наносит 4.27 урона Squad-3(Army-1)
Squad-1(Army-4) наносит 2.38 урона Squad-3(Army-1)
Squad-3(Army-5) наносит 7.38 урона Squad-3(Army-10)
Squad-1(Army-8) наносит 5.95 урона Squad-3(Army-1)
Squad-3(Army-9) наносит 0.78 урона Squad-1(Army-4)
Squad-3(Army-3) наносит 4.48 урона Squad-3(Army-1)
> Squad-3 (Army-1) уничтожен!
Squad-1(Army-4) наносит 2.45 урона Squad-4(Army-1)
Squad-1(Army-5) наносит 5.11 урона Squad-3(Army-10)
Squad-1(Army-6) наносит 4.7 урона Squad-2(Army-2)
Squad-3(Army-8) наносит 6.08 урона Squad-4(Army-1)
Squad-1(Army-10) наносит 0.84 урона Squad-4(Army-7)
Squad-4(Army-3) наносит 5.2 урона Squad-4(Army-1)
Squad-1(Army-4) наносит 2.52 урона Squad-4(Army-1)
Squad-2(Army-5) наносит 5.11 урона Squad-3(Army-10)
Squad-1(Army-6) наносит 4.85 урона Squad-3(Army-8)
Squad-2(Army-8) наносит 2.52 урона Squad-4(Army-1)
Squad-1(Army-9) наносит 4.3 урона Squad-1(Army-3)
Squad-2(Army-4) наносит 4.6 урона Squad-4(Army-1)
Squad-3(Army-5) наносит 7.65 урона Squad-3(Army-10)
Squad-1(Army-6) наносит 5 урона Squad-1(Army-9)
Squad-3(Army-8) наносит 6.32 урона Squad-4(Army-1)
Squad-3(Army-3) наносит 4.69 урона Squad-4(Army-1)
Squad-2(Army-4) наносит 4.7 урона Squad-4(Army-1)
Squad-3(Army-5) наносит 7.92 урона Squad-3(Army-10)
> Squad-3 (Army-10) уничтожен!
Squad-2(Army-6) наносит 5.11 урона Squad-3(Army-8)
Squad-2(Army-8) наносит 2.61 урона Squad-4(Army-1)
Squad-1(Army-2) наносит 1.53 урона Squad-3(Army-9)
Squad-4(Army-3) наносит 5.5 урона Squad-4(Army-1)
Squad-1(Army-4) наносит 2.59 урона Squad-4(Army-1)
Squad-3(Army-5) наносит 8.19 урона Squad-2(Army-10)
Squad-3(Army-7) наносит 4.9 урона Squad-1(Army-3)
Squad-1(Army-8) наносит 6.16 урона Squad-4(Army-1)
Squad-1(Army-10) наносит 0.9 урона Squad-3(Army-2)
Squad-3(Army-2) наносит 5.76 урона Squad-2(Army-9)
Squad-2(Army-3) наносит 1.74 урона Squad-4(Army-1)
Squad-1(Army-4) наносит 2.66 урона Squad-4(Army-1)
Squad-1(Army-5) наносит 5.32 урона Squad-2(Army-10)
Squad-2(Army-6) наносит 5.32 урона Squad-3(Army-8)
Squad-1(Army-7) наносит 1.36 урона Squad-2(Army-9)
Squad-1(Army-8) наносит 6.37 урона Squad-4(Army-1)
Squad-2(Army-2) наносит 2.8 урона Squad-1(Army-3)
Squad-3(Army-3) наносит 4.9 урона Squad-4(Army-1)
Squad-2(Army-4) наносит 4.8 урона Squad-4(Army-1)
Squad-1(Army-5) наносит 5.53 урона Squad-2(Army-10)
Squad-1(Army-6) наносит 5.15 урона Squad-2(Army-5)
Squad-3(Army-8) наносит 6.56 урона Squad-4(Army-1)
Squad-3(Army-2) наносит 6.03 урона Squad-2(Army-5)
Squad-3(Army-3) наносит 5.11 урона Squad-4(Army-1)
Squad-2(Army-4) наносит 4.9 урона Squad-4(Army-1)
Squad-1(Army-5) наносит 5.74 урона Squad-2(Army-10)
Squad-2(Army-6) наносит 5.53 урона Squad-3(Army-9)
Squad-4(Army-7) наносит 2.2 урона Squad-2(Army-10)
Squad-2(Army-8) наносит 2.7 урона Squad-4(Army-1)
Squad-1(Army-10) наносит 0.96 урона Squad-1(Army-9)
Squad-4(Army-3) наносит 5.8 урона Squad-4(Army-1)
Squad-2(Army-4) наносит 5 урона Squad-4(Army-1)
Squad-3(Army-5) наносит 8.46 урона Squad-2(Army-10)
Squad-1(Army-8) наносит 6.58 урона Squad-4(Army-1)
Squad-3(Army-3) наносит 5.32 урона Squad-4(Army-1)
Squad-2(Army-4) наносит 5.1 урона Squad-4(Army-1)
Squad-3(Army-5) наносит 8.73 урона Squad-2(Army-10)
Squad-2(Army-6) наносит 5.74 урона Squad-1(Army-8)
Squad-4(Army-7) наносит 2.5 урона Squad-2(Army-2)
Squad-1(Army-8) наносит 6.79 урона Squad-4(Army-1)
Squad-1(Army-3) наносит 1.14 урона Squad-4(Army-1)
Squad-1(Army-4) наносит 2.73 урона Squad-4(Army-1)
Squad-3(Army-5) наносит 9 урона Squad-2(Army-10)
Squad-1(Army-6) наносит 5.3 урона Squad-3(Army-8)
Squad-1(Army-8) наносит 7 урона Squad-4(Army-1)
Squad-1(Army-3) наносит 1.2 урона Squad-4(Army-1)
Squad-2(Army-4) наносит 5.2 урона Squad-4(Army-1)
Squad-3(Army-5) наносит 9.27 урона Squad-2(Army-10)
Squad-2(Army-6) наносит 5.95 урона Squad-2(Army-10)
Squad-2(Army-8) наносит 2.79 урона Squad-4(Army-1)
Squad-4(Army-3) наносит 6.1 урона Squad-4(Army-1)
> Squad-4 (Army-1) уничтожен!
Squad-2(Army-4) наносит 5.3 урона Squad-1(Army-2)
Squad-3(Army-5) наносит 9.54 урона Squad-2(Army-10)
> Squad-2 (Army-10) уничтожен!
Squad-4(Army-7) наносит 2.8 урона Squad-1(Army-3)
Squad-1(Army-8) наносит 7.21 урона Squad-1(Army-2)
>>> Army-1 уничтожена!
Squad-4(Army-3) наносит 6.4 урона Squad-1(Army-2)
Squad-2(Army-4) наносит 5.4 урона Squad-1(Army-2)
Squad-1(Army-5) наносит 5.95 урона Squad-1(Army-10)
Squad-2(Army-6) наносит 6.16 урона Squad-2(Army-7)
Squad-1(Army-8) наносит 7.42 урона Squad-1(Army-2)
Squad-2(Army-2) наносит 3.01 урона Squad-2(Army-7)
Squad-4(Army-3) наносит 6.7 урона Squad-1(Army-2)
Squad-2(Army-4) наносит 5.5 урона Squad-1(Army-2)
Squad-3(Army-5) наносит 9.81 урона Squad-1(Army-10)
Squad-2(Army-6) наносит 6.37 урона Squad-2(Army-5)
Squad-2(Army-8) наносит 2.88 урона Squad-1(Army-2)
Squad-2(Army-9) наносит 1.71 урона Squad-1(Army-3)
Squad-2(Army-3) наносит 1.8 урона Squad-1(Army-2)
Squad-1(Army-4) наносит 2.8 урона Squad-1(Army-2)
Squad-3(Army-5) наносит 10.08 урона Squad-1(Army-10)
Squad-2(Army-6) наносит 6.58 урона Squad-4(Army-3)
Squad-3(Army-8) наносит 6.8 урона Squad-1(Army-2)
Squad-3(Army-3) наносит 5.53 урона Squad-1(Army-2)
Squad-1(Army-4) наносит 2.87 урона Squad-1(Army-2)
Squad-2(Army-5) наносит 5.32 урона Squad-1(Army-10)
Squad-2(Army-6) наносит 6.79 урона Squad-3(Army-8)
Squad-2(Army-7) наносит 0.84 урона Squad-2(Army-5)
Squad-1(Army-8) наносит 7.63 урона Squad-1(Army-2)
Squad-4(Army-3) наносит 7 урона Squad-1(Army-2)
Squad-1(Army-4) наносит 2.94 урона Squad-1(Army-2)
Squad-3(Army-5) наносит 10.35 урона Squad-1(Army-10)
Squad-2(Army-6) наносит 7 урона Squad-2(Army-9)
Squad-1(Army-8) наносит 7.84 урона Squad-1(Army-2)
> Squad-1 (Army-2) уничтожен!
Squad-2(Army-3) наносит 1.86 урона Squad-2(Army-2)
Squad-2(Army-4) наносит 5.5 урона Squad-2(Army-2)
Squad-2(Army-5) наносит 5.53 урона Squad-1(Army-10)
Squad-1(Army-8) наносит 8.05 урона Squad-2(Army-2)
Squad-2(Army-3) наносит 1.92 урона Squad-2(Army-2)
Squad-1(Army-4) наносит 3.01 урона Squad-2(Army-2)
Squad-2(Army-5) наносит 5.74 урона Squad-1(Army-10)
Squad-3(Army-8) наносит 7.04 урона Squad-2(Army-2)
Squad-3(Army-2) наносит 6.3 урона Squad-2(Army-7)
Squad-4(Army-3) наносит 7.3 урона Squad-2(Army-2)
Squad-1(Army-4) наносит 3.08 урона Squad-2(Army-2)
Squad-3(Army-5) наносит 10.62 урона Squad-1(Army-10)
Squad-1(Army-6) наносит 5.45 урона Squad-3(Army-2)
Squad-3(Army-7) наносит 5.2 урона Squad-1(Army-10)
Squad-2(Army-8) наносит 2.97 урона Squad-2(Army-2)
Squad-3(Army-9) наносит 0.84 урона Squad-2(Army-7)
Squad-3(Army-2) наносит 6.57 урона Squad-3(Army-8)
Squad-4(Army-3) наносит 7.6 урона Squad-2(Army-2)
Squad-2(Army-4) наносит 5.5 урона Squad-2(Army-2)
Squad-3(Army-5) наносит 10.89 урона Squad-1(Army-10)
Squad-2(Army-6) наносит 7.21 урона Squad-3(Army-7)
Squad-2(Army-8) наносит 3.06 урона Squad-2(Army-2)
Squad-3(Army-3) наносит 5.74 урона Squad-2(Army-2)
Squad-1(Army-4) наносит 3.15 урона Squad-2(Army-2)
Squad-2(Army-5) наносит 5.95 урона Squad-1(Army-10)
Squad-2(Army-6) наносит 7.42 урона Squad-1(Army-9)
Squad-2(Army-7) наносит 0.91 урона Squad-1(Army-10)
Squad-3(Army-8) наносит 7.28 урона Squad-2(Army-2)
Squad-2(Army-3) наносит 1.98 урона Squad-2(Army-2)
Squad-1(Army-4) наносит 3.22 урона Squad-2(Army-2)
Squad-1(Army-5) наносит 6.16 урона Squad-1(Army-10)
> Squad-1 (Army-10) уничтожен!
Squad-1(Army-6) наносит 5.6 урона Squad-3(Army-7)
Squad-1(Army-8) наносит 8.26 урона Squad-2(Army-2)
>>> Army-10 уничтожена!
Squad-3(Army-2) наносит 6.84 урона Squad-1(Army-7)
Squad-2(Army-3) наносит 2.04 урона Squad-2(Army-2)
Squad-1(Army-4) наносит 3.29 урона Squad-2(Army-2)
Squad-3(Army-5) наносит 11.16 урона Squad-3(Army-9)
Squad-1(Army-8) наносит 8.47 урона Squad-2(Army-2)
Squad-2(Army-3) наносит 2.1 урона Squad-2(Army-2)
Squad-2(Army-4) наносит 5.5 урона Squad-2(Army-2)
Squad-1(Army-5) наносит 6.37 урона Squad-3(Army-9)
Squad-1(Army-6) наносит 5.75 урона Squad-2(Army-2)
Squad-1(Army-8) наносит 8.68 урона Squad-2(Army-2)
Squad-3(Army-2) наносит 7.11 урона Squad-4(Army-3)
Squad-3(Army-3) наносит 5.95 урона Squad-2(Army-2)
Squad-2(Army-4) наносит 5.5 урона Squad-2(Army-2)
Squad-2(Army-5) наносит 6.16 урона Squad-3(Army-9)
Squad-2(Army-6) наносит 7.63 урона Squad-1(Army-9)
Squad-3(Army-8) наносит 7.52 урона Squad-2(Army-2)
Squad-3(Army-2) наносит 7.38 урона Squad-3(Army-8)
Squad-1(Army-3) наносит 1.26 урона Squad-2(Army-2)
Squad-1(Army-4) наносит 3.36 урона Squad-2(Army-2)
Squad-2(Army-5) наносит 6.37 урона Squad-3(Army-9)
Squad-2(Army-6) наносит 7.84 урона Squad-3(Army-8)
Squad-2(Army-8) наносит 3.15 урона Squad-2(Army-2)
> Squad-2 (Army-2) уничтожен!
Squad-3(Army-2) наносит 7.65 урона Squad-3(Army-9)
Squad-1(Army-4) наносит 3.43 урона Squad-3(Army-2)
Squad-1(Army-5) наносит 6.58 урона Squad-3(Army-9)
Squad-2(Army-6) наносит 8.05 урона Squad-1(Army-3)
Squad-3(Army-7) наносит 5.5 урона Squad-1(Army-9)
Squad-2(Army-4) наносит 5.5 урона Squad-3(Army-2)
Squad-3(Army-5) наносит 11.43 урона Squad-3(Army-9)
Squad-1(Army-8) наносит 8.89 урона Squad-3(Army-2)
Squad-3(Army-2) наносит 7.92 урона Squad-1(Army-3)
Squad-2(Army-3) наносит 2.16 урона Squad-3(Army-2)
Squad-1(Army-4) наносит 3.5 урона Squad-3(Army-2)
Squad-2(Army-5) наносит 6.58 урона Squad-3(Army-9)
Squad-1(Army-6) наносит 5.9 урона Squad-3(Army-9)
Squad-2(Army-7) наносит 0.98 урона Squad-1(Army-3)
Squad-1(Army-8) наносит 9.1 урона Squad-3(Army-2)
Squad-4(Army-3) наносит 7.9 урона Squad-3(Army-2)
Squad-1(Army-4) наносит 3.57 урона Squad-3(Army-2)
Squad-1(Army-5) наносит 6.79 урона Squad-3(Army-9)
Squad-2(Army-6) наносит 8.26 урона Squad-1(Army-5)
Squad-3(Army-7) наносит 5.8 урона Squad-1(Army-9)
Squad-3(Army-8) наносит 7.76 урона Squad-3(Army-2)
Squad-2(Army-4) наносит 5.5 урона Squad-3(Army-2)
Squad-2(Army-5) наносит 6.79 урона Squad-3(Army-9)
Squad-1(Army-6) наносит 6.05 урона Squad-1(Army-5)
Squad-2(Army-8) наносит 3.24 урона Squad-3(Army-2)
Squad-3(Army-2) наносит 8.19 урона Squad-1(Army-9)
Squad-1(Army-4) наносит 3.64 урона Squad-3(Army-2)
Squad-3(Army-5) наносит 11.7 урона Squad-3(Army-9)
> Squad-3 (Army-9) уничтожен!
Squad-1(Army-6) наносит 6.2 урона Squad-1(Army-8)
Squad-1(Army-8) наносит 9.31 урона Squad-3(Army-2)
Squad-2(Army-3) наносит 2.22 урона Squad-3(Army-2)
Squad-1(Army-4) наносит 3.71 урона Squad-3(Army-2)
Squad-3(Army-5) наносит 11.97 урона Squad-2(Army-9)
Squad-2(Army-6) наносит 8.47 урона Squad-3(Army-8)
Squad-1(Army-8) наносит 9.52 урона Squad-3(Army-2)
Squad-1(Army-9) наносит 4.6 урона Squad-3(Army-2)
Squad-4(Army-3) наносит 8.2 урона Squad-3(Army-2)
Squad-2(Army-4) наносит 5.5 урона Squad-3(Army-2)
Squad-2(Army-5) наносит 7 урона Squad-2(Army-9)
Squad-1(Army-6) наносит 6.35 урона Squad-3(Army-8)
Squad-1(Army-8) наносит 9.73 урона Squad-3(Army-2)
Squad-2(Army-3) наносит 2.28 урона Squad-3(Army-2)
Squad-2(Army-4) наносит 5.5 урона Squad-3(Army-2)
Squad-3(Army-5) наносит 12.24 урона Squad-2(Army-9)
Squad-3(Army-8) наносит 8 урона Squad-3(Army-2)
Squad-4(Army-3) наносит 8.5 урона Squad-3(Army-2)
Squad-1(Army-4) наносит 3.78 урона Squad-3(Army-2)
Squad-1(Army-5) наносит 7 урона Squad-2(Army-9)
Squad-1(Army-6) наносит 6.5 урона Squad-3(Army-2)
Squad-3(Army-7) наносит 6.1 урона Squad-1(Army-3)
Squad-2(Army-8) наносит 3.33 урона Squad-3(Army-2)
Squad-3(Army-3) наносит 6.16 урона Squad-3(Army-2)
> Squad-3 (Army-2) уничтожен!
Squad-2(Army-4) наносит 5.5 урона Squad-1(Army-3)
Squad-2(Army-5) наносит 7.21 урона Squad-2(Army-9)
Squad-2(Army-6) наносит 8.68 урона Squad-1(Army-8)
Squad-2(Army-8) наносит 3.42 урона Squad-1(Army-3)
>>> Army-2 уничтожена!
Squad-2(Army-4) наносит 5.5 урона Squad-1(Army-3)
Squad-1(Army-5) наносит 7.21 урона Squad-2(Army-9)
Squad-2(Army-6) наносит 8.89 урона Squad-2(Army-9)
Squad-3(Army-8) наносит 8.24 урона Squad-1(Army-3)
Squad-1(Army-4) наносит 3.85 урона Squad-1(Army-3)
Squad-1(Army-5) наносит 7.42 урона Squad-2(Army-9)
Squad-1(Army-6) наносит 6.65 урона Squad-3(Army-8)
Squad-3(Army-7) наносит 6.4 урона Squad-3(Army-8)
Squad-2(Army-8) наносит 3.51 урона Squad-1(Army-3)
Squad-2(Army-4) наносит 5.5 урона Squad-1(Army-3)
Squad-2(Army-5) наносит 7.42 урона Squad-2(Army-9)
> Squad-2 (Army-9) уничтожен!
Squad-1(Army-6) наносит 6.8 урона Squad-1(Army-3)
Squad-2(Army-8) наносит 3.6 урона Squad-1(Army-3)
Squad-2(Army-4) наносит 5.5 урона Squad-1(Army-3)
> Squad-1 (Army-3) уничтожен!
Squad-2(Army-5) наносит 7.63 урона Squad-1(Army-9)
Squad-1(Army-6) наносит 6.95 урона Squad-2(Army-3)
Squad-2(Army-4) наносит 5.5 урона Squad-2(Army-3)
Squad-2(Army-5) наносит 7.84 урона Squad-1(Army-9)
Squad-1(Army-6) наносит 7.1 урона Squad-2(Army-3)
Squad-2(Army-7) наносит 1.05 урона Squad-1(Army-9)
Squad-2(Army-4) наносит 5.5 урона Squad-2(Army-3)
Squad-2(Army-5) наносит 8.05 урона Squad-1(Army-9)
Squad-1(Army-6) наносит 7.25 урона Squad-2(Army-3)
Squad-1(Army-4) наносит 3.85 урона Squad-2(Army-3)
Squad-3(Army-5) наносит 12.51 урона Squad-1(Army-9)
Squad-2(Army-6) наносит 9.1 урона Squad-2(Army-8)
Squad-1(Army-8) наносит 9.94 урона Squad-2(Army-3)
Squad-2(Army-4) наносит 5.5 урона Squad-2(Army-3)
Squad-3(Army-5) наносит 12.78 урона Squad-1(Army-9)
Squad-1(Army-6) наносит 7.4 урона Squad-2(Army-3)
Squad-2(Army-4) наносит 5.5 урона Squad-2(Army-3)
Squad-1(Army-5) наносит 7.63 урона Squad-1(Army-9)
Squad-2(Army-6) наносит 9.31 урона Squad-1(Army-5)
Squad-1(Army-8) наносит 10.15 урона Squad-2(Army-3)
Squad-1(Army-4) наносит 3.85 урона Squad-2(Army-3)
Squad-2(Army-5) наносит 8.26 урона Squad-1(Army-9)
Squad-2(Army-6) наносит 9.52 урона Squad-1(Army-9)
Squad-3(Army-8) наносит 8.48 урона Squad-2(Army-3)
Squad-1(Army-4) наносит 3.85 урона Squad-2(Army-3)
Squad-2(Army-5) наносит 8.47 урона Squad-1(Army-9)
Squad-2(Army-6) наносит 9.73 урона Squad-1(Army-4)
Squad-3(Army-8) наносит 8.72 урона Squad-2(Army-3)
> Squad-2 (Army-3) уничтожен!
Squad-2(Army-4) наносит 5.5 урона Squad-3(Army-3)
Squad-1(Army-5) наносит 7.84 урона Squad-1(Army-9)
Squad-1(Army-6) наносит 7.55 урона Squad-3(Army-3)
Squad-1(Army-8) наносит 10.36 урона Squad-3(Army-3)
Squad-2(Army-4) наносит 5.5 урона Squad-3(Army-3)
Squad-3(Army-5) наносит 13.05 урона Squad-1(Army-9)
> Squad-1 (Army-9) уничтожен!
Squad-2(Army-6) наносит 9.94 урона Squad-1(Army-5)
Squad-1(Army-7) наносит 1.44 урона Squad-3(Army-3)
Squad-2(Army-8) наносит 3.69 урона Squad-3(Army-3)
>>> Army-9 уничтожена!
Squad-1(Army-4) наносит 3.85 урона Squad-3(Army-3)
Squad-1(Army-5) наносит 8.05 урона Squad-3(Army-8)
Squad-2(Army-8) наносит 3.78 урона Squad-3(Army-3)
Squad-1(Army-4) наносит 3.85 урона Squad-3(Army-3)
Squad-2(Army-5) наносит 8.68 урона Squad-3(Army-8)
Squad-1(Army-6) наносит 7.7 урона Squad-1(Army-8)
Squad-1(Army-7) наносит 1.52 урона Squad-3(Army-8)
Squad-1(Army-4) наносит 3.85 урона Squad-3(Army-3)
Squad-1(Army-5) наносит 8.26 урона Squad-3(Army-8)
Squad-2(Army-6) наносит 10.15 урона Squad-1(Army-7)
Squad-1(Army-7) наносит 1.6 урона Squad-3(Army-8)
Squad-2(Army-4) наносит 5.5 урона Squad-3(Army-3)
Squad-1(Army-5) наносит 8.47 урона Squad-3(Army-8)
Squad-1(Army-6) наносит 7.85 урона Squad-1(Army-4)
Squad-1(Army-8) наносит 10.57 урона Squad-3(Army-3)
Squad-2(Army-4) наносит 5.5 урона Squad-3(Army-3)
Squad-2(Army-5) наносит 8.89 урона Squad-3(Army-8)
Squad-1(Army-6) наносит 8 урона Squad-3(Army-3)
Squad-4(Army-7) наносит 3.1 урона Squad-3(Army-8)
Squad-2(Army-4) наносит 5.5 урона Squad-3(Army-3)
Squad-2(Army-5) наносит 9.1 урона Squad-3(Army-8)
Squad-1(Army-8) наносит 10.78 урона Squad-3(Army-3)
Squad-1(Army-4) наносит 3.85 урона Squad-3(Army-3)
Squad-2(Army-5) наносит 9.31 урона Squad-3(Army-8)
Squad-2(Army-6) наносит 10.36 урона Squad-2(Army-8)
Squad-2(Army-8) наносит 3.87 урона Squad-3(Army-3)
Squad-2(Army-4) наносит 5.5 урона Squad-3(Army-3)
Squad-3(Army-5) наносит 13.32 урона Squad-3(Army-8)
Squad-2(Army-6) наносит 10.57 урона Squad-1(Army-4)
Squad-2(Army-8) наносит 3.96 урона Squad-3(Army-3)
Squad-1(Army-4) наносит 3.85 урона Squad-3(Army-3)
Squad-3(Army-5) наносит 13.59 урона Squad-3(Army-8)
> Squad-3 (Army-8) уничтожен!
Squad-1(Army-6) наносит 8 урона Squad-1(Army-5)
Squad-1(Army-8) наносит 10.99 урона Squad-3(Army-3)
Squad-4(Army-3) наносит 8.8 урона Squad-1(Army-4)
Squad-1(Army-4) наносит 3.85 урона Squad-3(Army-3)
Squad-3(Army-5) наносит 13.86 урона Squad-2(Army-8)
Squad-1(Army-6) наносит 8 урона Squad-1(Army-8)
Squad-2(Army-8) наносит 4.05 урона Squad-3(Army-3)
Squad-2(Army-4) наносит 5.5 урона Squad-3(Army-3)
Squad-1(Army-5) наносит 8.68 урона Squad-2(Army-8)
Squad-2(Army-6) наносит 10.78 урона Squad-1(Army-5)
Squad-1(Army-8) наносит 11.2 урона Squad-3(Army-3)
Squad-1(Army-4) наносит 3.85 урона Squad-3(Army-3)
Squad-2(Army-5) наносит 9.52 урона Squad-2(Army-8)
Squad-1(Army-6) наносит 8 урона Squad-3(Army-3)
> Squad-3 (Army-3) уничтожен!
Squad-3(Army-7) наносит 6.7 урона Squad-2(Army-8)
Squad-1(Army-8) наносит 11.2 урона Squad-4(Army-3)
Squad-4(Army-3) наносит 9.1 урона Squad-1(Army-4)
Squad-2(Army-5) наносит 9.73 урона Squad-2(Army-8)
Squad-1(Army-6) наносит 8 урона Squad-1(Army-4)
Squad-4(Army-3) наносит 9.4 урона Squad-1(Army-4)
Squad-1(Army-5) наносит 8.89 урона Squad-2(Army-8)
Squad-1(Army-6) наносит 8 урона Squad-2(Army-5)
Squad-1(Army-8) наносит 11.2 урона Squad-4(Army-3)
Squad-4(Army-3) наносит 9.7 урона Squad-1(Army-4)
Squad-2(Army-4) наносит 5.5 урона Squad-4(Army-3)
Squad-2(Army-5) наносит 9.94 урона Squad-2(Army-8)
Squad-2(Army-6) наносит 10.99 урона Squad-1(Army-8)
Squad-1(Army-8) наносит 11.2 урона Squad-4(Army-3)
Squad-4(Army-3) наносит 10 урона Squad-1(Army-4)
Squad-2(Army-5) наносит 10.15 урона Squad-2(Army-8)
> Squad-2 (Army-8) уничтожен!
Squad-1(Army-8) наносит 11.2 урона Squad-4(Army-3)
Squad-4(Army-3) наносит 10.3 урона Squad-1(Army-4)
> Squad-1 (Army-4) уничтожен!
Squad-2(Army-4) наносит 5.5 урона Squad-4(Army-3)
Squad-3(Army-5) наносит 14.13 урона Squad-1(Army-8)
Squad-1(Army-6) наносит 8 урона Squad-1(Army-8)
Squad-4(Army-7) наносит 3.4 урона Squad-1(Army-5)
Squad-1(Army-8) наносит 11.2 урона Squad-4(Army-3)
Squad-2(Army-4) наносит 5.5 урона Squad-4(Army-3)
Squad-3(Army-5) наносит 14.4 урона Squad-1(Army-8)
Squad-2(Army-6) наносит 11.2 урона Squad-3(Army-7)
Squad-1(Army-8) наносит 11.2 урона Squad-4(Army-3)
Squad-2(Army-4) наносит 5.5 урона Squad-4(Army-3)
Squad-2(Army-5) наносит 10.36 урона Squad-1(Army-8)
Squad-1(Army-6) наносит 8 урона Squad-2(Army-5)
Squad-1(Army-8) наносит 11.2 урона Squad-4(Army-3)
Squad-2(Army-4) наносит 5.5 урона Squad-4(Army-3)
Squad-3(Army-5) наносит 14.4 урона Squad-1(Army-8)
Squad-1(Army-6) наносит 8 урона Squad-3(Army-5)
Squad-3(Army-7) наносит 7 урона Squad-4(Army-3)
Squad-1(Army-8) наносит 11.2 урона Squad-4(Army-3)
Squad-2(Army-4) наносит 5.5 урона Squad-4(Army-3)
Squad-2(Army-5) наносит 10.57 урона Squad-1(Army-8)
Squad-1(Army-6) наносит 8 урона Squad-4(Army-7)
Squad-1(Army-8) наносит 11.2 урона Squad-4(Army-3)
> Squad-4 (Army-3) уничтожен!
>>> Army-3 уничтожена!
Squad-2(Army-4) наносит 5.5 урона Squad-1(Army-5)
Squad-3(Army-5) наносит 14.4 урона Squad-1(Army-8)
Squad-1(Army-6) наносит 8 урона Squad-3(Army-5)
Squad-2(Army-4) наносит 5.5 урона Squad-1(Army-5)
Squad-1(Army-5) наносит 9.1 урона Squad-1(Army-8)
Squad-1(Army-6) наносит 8 урона Squad-2(Army-5)
Squad-2(Army-7) наносит 1.12 урона Squad-1(Army-5)
Squad-2(Army-4) наносит 5.5 урона Squad-1(Army-5)
Squad-1(Army-5) наносит 9.31 урона Squad-1(Army-8)
> Squad-1 (Army-8) уничтожен!
>>> Army-8 уничтожена!
Squad-2(Army-4) наносит 5.5 урона Squad-1(Army-5)
Squad-3(Army-5) наносит 14.4 урона Squad-4(Army-7)
Squad-2(Army-6) наносит 11.2 урона Squad-2(Army-5)
Squad-2(Army-4) наносит 5.5 урона Squad-1(Army-5)
Squad-3(Army-5) наносит 14.4 урона Squad-4(Army-7)
Squad-1(Army-6) наносит 8 урона Squad-2(Army-5)
Squad-2(Army-4) наносит 5.5 урона Squad-1(Army-5)
Squad-2(Army-4) наносит 5.5 урона Squad-1(Army-5)
Squad-2(Army-5) наносит 10.78 урона Squad-4(Army-7)
Squad-1(Army-6) наносит 8 урона Squad-1(Army-7)
Squad-2(Army-4) наносит 5.5 урона Squad-1(Army-5)
Squad-2(Army-6) наносит 11.2 урона Squad-2(Army-5)
Squad-2(Army-4) наносит 5.5 урона Squad-1(Army-5)
Squad-2(Army-5) наносит 10.99 урона Squad-4(Army-7)
Squad-2(Army-6) наносит 11.2 урона Squad-1(Army-7)
Squad-2(Army-4) наносит 5.5 урона Squad-1(Army-5)
Squad-3(Army-5) наносит 14.4 урона Squad-4(Army-7)
Squad-1(Army-6) наносит 8 урона Squad-4(Army-7)
Squad-2(Army-4) наносит 5.5 урона Squad-1(Army-5)
Squad-1(Army-5) наносит 9.52 урона Squad-4(Army-7)
Squad-1(Army-6) наносит 8 урона Squad-2(Army-7)
Squad-2(Army-4) наносит 5.5 урона Squad-1(Army-5)
Squad-3(Army-5) наносит 14.4 урона Squad-4(Army-7)
Squad-2(Army-6) наносит 11.2 урона Squad-3(Army-5)
Squad-2(Army-4) наносит 5.5 урона Squad-1(Army-5)
Squad-1(Army-5) наносит 9.73 урона Squad-4(Army-7)
Squad-2(Army-6) наносит 11.2 урона Squad-3(Army-5)
Squad-2(Army-4) наносит 5.5 урона Squad-1(Army-5)
Squad-1(Army-5) наносит 9.94 урона Squad-4(Army-7)
Squad-2(Army-4) наносит 5.5 урона Squad-1(Army-5)
Squad-3(Army-5) наносит 14.4 урона Squad-4(Army-7)
Squad-1(Army-6) наносит 8 урона Squad-2(Army-5)
Squad-2(Army-4) наносит 5.5 урона Squad-1(Army-5)
Squad-1(Army-5) наносит 10.15 урона Squad-4(Army-7)
Squad-2(Army-4) наносит 5.5 урона Squad-1(Army-5)
Squad-2(Army-5) наносит 11.2 урона Squad-4(Army-7)
> Squad-4 (Army-7) уничтожен!
Squad-2(Army-6) наносит 11.2 урона Squad-3(Army-7)
Squad-2(Army-4) наносит 5.5 урона Squad-1(Army-5)
Squad-3(Army-5) наносит 14.4 урона Squad-3(Army-7)
Squad-2(Army-4) наносит 5.5 урона Squad-1(Army-5)
Squad-2(Army-5) наносит 11.2 урона Squad-3(Army-7)
Squad-2(Army-6) наносит 11.2 урона Squad-1(Army-7)
Squad-2(Army-4) наносит 5.5 урона Squad-1(Army-5)
Squad-2(Army-6) наносит 11.2 урона Squad-3(Army-7)
Squad-2(Army-4) наносит 5.5 урона Squad-1(Army-5)
> Squad-1 (Army-5) уничтожен!
Squad-2(Army-5) наносит 11.2 урона Squad-3(Army-7)
Squad-1(Army-6) наносит 8 урона Squad-2(Army-7)
Squad-2(Army-4) наносит 5.5 урона Squad-2(Army-5)
Squad-2(Army-5) наносит 11.2 урона Squad-3(Army-7)
Squad-1(Army-6) наносит 8 урона Squad-3(Army-7)
Squad-2(Army-4) наносит 5.5 урона Squad-2(Army-5)
Squad-2(Army-5) наносит 11.2 урона Squad-3(Army-7)
Squad-2(Army-6) наносит 11.2 урона Squad-3(Army-5)
Squad-2(Army-4) наносит 5.5 урона Squad-2(Army-5)
Squad-2(Army-5) наносит 11.2 урона Squad-3(Army-7)
Squad-1(Army-6) наносит 8 урона Squad-2(Army-5)
Squad-2(Army-4) наносит 5.5 урона Squad-2(Army-5)
Squad-3(Army-5) наносит 14.4 урона Squad-3(Army-7)
Squad-2(Army-7) наносит 1.19 урона Squad-2(Army-5)
Squad-2(Army-4) наносит 5.5 урона Squad-2(Army-5)
Squad-3(Army-5) наносит 14.4 урона Squad-3(Army-7)
> Squad-3 (Army-7) уничтожен!
Squad-2(Army-6) наносит 11.2 урона Squad-1(Army-7)
Squad-2(Army-4) наносит 5.5 урона Squad-2(Army-5)
Squad-3(Army-5) наносит 14.4 урона Squad-2(Army-7)
Squad-2(Army-7) наносит 1.26 урона Squad-2(Army-5)
Squad-2(Army-4) наносит 5.5 урона Squad-2(Army-5)
Squad-3(Army-5) наносит 14.4 урона Squad-2(Army-7)
Squad-1(Army-6) наносит 8 урона Squad-2(Army-7)
Squad-2(Army-4) наносит 5.5 урона Squad-2(Army-5)
Squad-2(Army-5) наносит 11.2 урона Squad-2(Army-7)
Squad-2(Army-4) наносит 5.5 урона Squad-2(Army-5)
Squad-3(Army-5) наносит 14.4 урона Squad-2(Army-7)
> Squad-2 (Army-7) уничтожен!
Squad-2(Army-6) наносит 11.2 урона Squad-1(Army-7)
Squad-2(Army-4) наносит 5.5 урона Squad-2(Army-5)
Squad-2(Army-5) наносит 11.2 урона Squad-1(Army-7)
Squad-2(Army-6) наносит 11.2 урона Squad-3(Army-5)
Squad-2(Army-4) наносит 5.5 урона Squad-2(Army-5)
Squad-3(Army-5) наносит 14.4 урона Squad-1(Army-7)
> Squad-1 (Army-7) уничтожен!
>>> Army-7 уничтожена!
Squad-2(Army-4) наносит 5.5 урона Squad-2(Army-5)
Squad-2(Army-4) наносит 5.5 урона Squad-2(Army-5)
> Squad-2 (Army-5) уничтожен!
Squad-2(Army-4) наносит 5.5 урона Squad-3(Army-5)
Squad-1(Army-6) наносит 8 урона Squad-3(Army-5)
Squad-2(Army-4) наносит 5.5 урона Squad-3(Army-5)
Squad-1(Army-6) наносит 8 урона Squad-3(Army-5)
Squad-2(Army-4) наносит 5.5 урона Squad-3(Army-5)
Squad-2(Army-6) наносит 11.2 урона Squad-3(Army-5)
Squad-2(Army-4) наносит 5.5 урона Squad-3(Army-5)
Squad-2(Army-4) наносит 5.5 урона Squad-3(Army-5)
Squad-1(Army-6) наносит 8 урона Squad-3(Army-5)
Squad-2(Army-4) наносит 5.5 урона Squad-3(Army-5)
Squad-2(Army-6) наносит 11.2 урона Squad-3(Army-5)
Squad-2(Army-4) наносит 5.5 урона Squad-3(Army-5)
Squad-2(Army-6) наносит 11.2 урона Squad-3(Army-5)
> Squad-3 (Army-5) уничтожен!
>>> Army-5 уничтожена!
Squad-2(Army-4) наносит 5.5 урона Squad-1(Army-6)
Squad-2(Army-4) наносит 5.5 урона Squad-1(Army-6)
Squad-2(Army-4) наносит 5.5 урона Squad-1(Army-6)
Squad-2(Army-4) наносит 5.5 урона Squad-1(Army-6)
Squad-2(Army-4) наносит 5.5 урона Squad-1(Army-6)
Squad-2(Army-4) наносит 5.5 урона Squad-1(Army-6)
Squad-2(Army-4) наносит 5.5 урона Squad-1(Army-6)
Squad-2(Army-4) наносит 5.5 урона Squad-1(Army-6)
Squad-2(Army-4) наносит 5.5 урона Squad-1(Army-6)
Squad-2(Army-4) наносит 5.5 урона Squad-1(Army-6)
Squad-2(Army-4) наносит 5.5 урона Squad-1(Army-6)
Squad-2(Army-4) наносит 5.5 урона Squad-1(Army-6)
Squad-2(Army-4) наносит 5.5 урона Squad-1(Army-6)
Squad-2(Army-4) наносит 5.5 урона Squad-1(Army-6)
Squad-2(Army-4) наносит 5.5 урона Squad-1(Army-6)
Squad-2(Army-4) наносит 5.5 урона Squad-1(Army-6)
Squad-2(Army-4) наносит 5.5 урона Squad-1(Army-6)
Squad-2(Army-4) наносит 5.5 урона Squad-1(Army-6)
Squad-2(Army-4) наносит 5.5 урона Squad-1(Army-6)
Squad-2(Army-4) наносит 5.5 урона Squad-1(Army-6)
Squad-2(Army-4) наносит 5.5 урона Squad-1(Army-6)
Squad-2(Army-4) наносит 5.5 урона Squad-1(Army-6)
Squad-2(Army-4) наносит 5.5 урона Squad-1(Army-6)
Squad-2(Army-4) наносит 5.5 урона Squad-1(Army-6)
Squad-2(Army-4) наносит 5.5 урона Squad-1(Army-6)
Squad-2(Army-4) наносит 5.5 урона Squad-1(Army-6)
Squad-2(Army-4) наносит 5.5 урона Squad-1(Army-6)
Squad-2(Army-4) наносит 5.5 урона Squad-1(Army-6)
Squad-2(Army-4) наносит 5.5 урона Squad-1(Army-6)
Squad-2(Army-4) наносит 5.5 урона Squad-1(Army-6)
Squad-2(Army-4) наносит 5.5 урона Squad-1(Army-6)
Squad-2(Army-4) наносит 5.5 урона Squad-1(Army-6)
> Squad-1 (Army-6) уничтожен!
Squad-2(Army-4) наносит 5.5 урона Squad-2(Army-6)
Squad-2(Army-4) наносит 5.5 урона Squad-2(Army-6)
Squad-2(Army-4) наносит 5.5 урона Squad-2(Army-6)
Squad-2(Army-4) наносит 5.5 урона Squad-2(Army-6)
Squad-2(Army-4) наносит 5.5 урона Squad-2(Army-6)
Squad-2(Army-4) наносит 5.5 урона Squad-2(Army-6)
Squad-2(Army-4) наносит 5.5 урона Squad-2(Army-6)
Squad-2(Army-4) наносит 5.5 урона Squad-2(Army-6)
Squad-2(Army-4) наносит 5.5 урона Squad-2(Army-6)
Squad-2(Army-4) наносит 5.5 урона Squad-2(Army-6)
Squad-2(Army-4) наносит 5.5 урона Squad-2(Army-6)
Squad-2(Army-4) наносит 5.5 урона Squad-2(Army-6)
Squad-2(Army-4) наносит 5.5 урона Squad-2(Army-6)
Squad-2(Army-4) наносит 5.5 урона Squad-2(Army-6)
Squad-2(Army-4) наносит 5.5 урона Squad-2(Army-6)
Squad-2(Army-4) наносит 5.5 урона Squad-2(Army-6)
Squad-2(Army-4) наносит 5.5 урона Squad-2(Army-6)
Squad-2(Army-4) наносит 5.5 урона Squad-2(Army-6)
Squad-2(Army-4) наносит 5.5 урона Squad-2(Army-6)
Squad-2(Army-4) наносит 5.5 урона Squad-2(Army-6)
Squad-2(Army-4) наносит 5.5 урона Squad-2(Army-6)
Squad-2(Army-4) наносит 5.5 урона Squad-2(Army-6)
Squad-2(Army-4) наносит 5.5 урона Squad-2(Army-6)
Squad-2(Army-4) наносит 5.5 урона Squad-2(Army-6)
Squad-2(Army-4) наносит 5.5 урона Squad-2(Army-6)
Squad-2(Army-4) наносит 5.5 урона Squad-2(Army-6)
Squad-2(Army-4) наносит 5.5 урона Squad-2(Army-6)
Squad-2(Army-4) наносит 5.5 урона Squad-2(Army-6)
Squad-2(Army-4) наносит 5.5 урона Squad-2(Army-6)
Squad-2(Army-4) наносит 5.5 урона Squad-2(Army-6)
Squad-2(Army-4) наносит 5.5 урона Squad-2(Army-6)
Squad-2(Army-4) наносит 5.5 урона Squad-2(Army-6)
Squad-2(Army-4) наносит 5.5 урона Squad-2(Army-6)
> Squad-2 (Army-6) уничтожен!
>>> Army-6 уничтожена!

Победитель: Army-4
Количество раундов - 252

===================================================================
New Battle
2018-10-03 17:20

Список армий: 
-----
Army-1
Стратегия: random
Отряды: 
Squad-1 (soldiers - 3 ед.)
Squad-2 (vehicles - 3 ед.)
Squad-3 (soldiers - 3 ед.)
-----
Army-2
Стратегия: weakest
Отряды: 
Squad-1 (soldiers - 3 ед.)
Squad-2 (vehicles - 3 ед.)
Squad-3 (soldiers - 3 ед.)
-----
Army-3
Стратегия: strongest
Отряды: 
Squad-1 (soldiers - 3 ед.)
Squad-2 (vehicles - 3 ед.)
Squad-3 (soldiers - 3 ед.)
-----
Squad-3(Army-1) наносит 0.18 урона Squad-3(Army-2)
Squad-1(Army-3) наносит 0.18 урона Squad-3(Army-2)
Squad-2(Army-1) наносит 0.39 урона Squad-2(Army-3)
Squad-2(Army-3) наносит 0.39 урона Squad-3(Army-2)
Squad-1(Army-2) наносит 0.18 урона Squad-1(Army-1)
Squad-1(Army-1) наносит 0.18 урона Squad-2(Army-3)
Squad-3(Army-3) наносит 0.18 урона Squad-3(Army-2)
Squad-3(Army-1) наносит 0.21 урона Squad-2(Army-2)
Squad-2(Army-2) наносит 0.39 урона Squad-1(Army-1)
Squad-3(Army-3) наносит 0.21 урона Squad-3(Army-2)
Squad-3(Army-3) наносит 0.24 урона Squad-3(Army-2)
Squad-3(Army-1) наносит 0.24 урона Squad-1(Army-3)
Squad-1(Army-3) наносит 0.21 урона Squad-3(Army-2)
Squad-2(Army-3) наносит 0.48 урона Squad-3(Army-2)
Squad-1(Army-3) наносит 0.24 урона Squad-3(Army-2)
Squad-1(Army-2) наносит 0.21 урона Squad-1(Army-1)
Squad-1(Army-2) наносит 0.24 урона Squad-1(Army-1)
Squad-3(Army-3) наносит 0.27 урона Squad-3(Army-2)
Squad-1(Army-1) наносит 0.21 урона Squad-2(Army-3)
Squad-1(Army-1) наносит 0.24 урона Squad-3(Army-3)
Squad-1(Army-2) наносит 0.27 урона Squad-1(Army-1)
Squad-1(Army-3) наносит 0.27 урона Squad-3(Army-2)
Squad-1(Army-2) наносит 0.3 урона Squad-1(Army-1)
Squad-2(Army-3) наносит 0.57 урона Squad-3(Army-2)
Squad-2(Army-3) наносит 0.66 урона Squad-3(Army-2)
Squad-1(Army-1) наносит 0.27 урона Squad-2(Army-2)
Squad-2(Army-3) наносит 0.75 урона Squad-3(Army-2)
Squad-1(Army-3) наносит 0.3 урона Squad-3(Army-2)
Squad-1(Army-1) наносит 0.3 урона Squad-1(Army-3)
Squad-3(Army-1) наносит 0.27 урона Squad-2(Army-3)
Squad-3(Army-3) наносит 0.3 урона Squad-3(Army-2)
Squad-2(Army-1) наносит 0.48 урона Squad-3(Army-3)
Squad-3(Army-2) наносит 0.18 урона Squad-1(Army-1)
Squad-3(Army-3) наносит 0.33 урона Squad-3(Army-2)
Squad-3(Army-1) наносит 0.3 урона Squad-3(Army-3)
Squad-1(Army-1) наносит 0.33 урона Squad-2(Army-3)
Squad-3(Army-1) наносит 0.33 урона Squad-3(Army-3)
Squad-2(Army-3) наносит 0.84 урона Squad-3(Army-2)
Squad-1(Army-2) наносит 0.33 урона Squad-1(Army-1)
Squad-1(Army-3) наносит 0.33 урона Squad-3(Army-2)
Squad-3(Army-1) наносит 0.36 урона Squad-2(Army-3)
Squad-1(Army-2) наносит 0.36 урона Squad-1(Army-1)
Squad-1(Army-3) наносит 0.36 урона Squad-3(Army-2)
Squad-1(Army-1) наносит 0.36 урона Squad-3(Army-2)
Squad-1(Army-3) наносит 0.39 урона Squad-3(Army-2)
Squad-3(Army-1) наносит 0.39 урона Squad-3(Army-2)
Squad-1(Army-2) наносит 0.39 урона Squad-1(Army-1)
Squad-2(Army-3) наносит 0.93 урона Squad-3(Army-2)
Squad-3(Army-2) наносит 0.21 урона Squad-1(Army-1)
Squad-1(Army-3) наносит 0.42 урона Squad-3(Army-2)
Squad-3(Army-2) наносит 0.24 урона Squad-1(Army-1)
Squad-3(Army-2) наносит 0.27 урона Squad-1(Army-1)
Squad-1(Army-3) наносит 0.45 урона Squad-3(Army-2)
Squad-2(Army-2) наносит 0.48 урона Squad-1(Army-1)
Squad-2(Army-3) наносит 1.02 урона Squad-3(Army-2)
Squad-3(Army-1) наносит 0.42 урона Squad-3(Army-3)
Squad-1(Army-3) наносит 0.48 урона Squad-3(Army-2)
Squad-2(Army-2) наносит 0.57 урона Squad-1(Army-1)
Squad-3(Army-3) наносит 0.36 урона Squad-3(Army-2)
Squad-3(Army-1) наносит 0.45 урона Squad-2(Army-2)
Squad-1(Army-2) наносит 0.42 урона Squad-1(Army-1)
Squad-2(Army-3) наносит 1.11 урона Squad-3(Army-2)
Squad-3(Army-3) наносит 0.39 урона Squad-3(Army-2)
Squad-3(Army-3) наносит 0.42 урона Squad-3(Army-2)
Squad-3(Army-1) наносит 0.48 урона Squad-2(Army-3)
Squad-1(Army-2) наносит 0.45 урона Squad-1(Army-1)
Squad-3(Army-3) наносит 0.45 урона Squad-3(Army-2)
Squad-3(Army-2) наносит 0.3 урона Squad-1(Army-1)
Squad-1(Army-3) наносит 0.51 урона Squad-3(Army-2)
Squad-3(Army-2) наносит 0.33 урона Squad-1(Army-1)
Squad-1(Army-3) наносит 0.54 урона Squad-3(Army-2)
Squad-2(Army-1) наносит 0.57 урона Squad-3(Army-2)
Squad-3(Army-1) наносит 0.51 урона Squad-3(Army-3)
Squad-2(Army-3) наносит 1.2 урона Squad-3(Army-2)
Squad-1(Army-1) наносит 0.39 урона Squad-2(Army-2)
Squad-1(Army-2) наносит 0.48 урона Squad-1(Army-1)
Squad-1(Army-3) наносит 0.57 урона Squad-3(Army-2)
Squad-3(Army-2) наносит 0.36 урона Squad-1(Army-1)
Squad-2(Army-3) наносит 1.29 урона Squad-3(Army-2)
Squad-3(Army-1) наносит 0.54 урона Squad-2(Army-2)
Squad-3(Army-3) наносит 0.48 урона Squad-3(Army-2)
Squad-3(Army-1) наносит 0.57 урона Squad-3(Army-3)
Squad-1(Army-3) наносит 0.6 урона Squad-3(Army-2)
Squad-1(Army-3) наносит 0.63 урона Squad-3(Army-2)
Squad-1(Army-2) наносит 0.51 урона Squad-1(Army-1)
Squad-2(Army-3) наносит 1.38 урона Squad-3(Army-2)
Squad-1(Army-1) наносит 0.42 урона Squad-2(Army-3)
Squad-1(Army-3) наносит 0.66 урона Squad-3(Army-2)
Squad-2(Army-2) наносит 0.66 урона Squad-1(Army-1)
Squad-2(Army-3) наносит 1.47 урона Squad-3(Army-2)
Squad-1(Army-2) наносит 0.54 урона Squad-1(Army-1)
Squad-3(Army-3) наносит 0.51 урона Squad-3(Army-2)
Squad-1(Army-1) наносит 0.45 урона Squad-2(Army-2)
Squad-2(Army-2) наносит 0.75 урона Squad-1(Army-1)
Squad-1(Army-3) наносит 0.69 урона Squad-3(Army-2)
Squad-2(Army-3) наносит 1.56 урона Squad-3(Army-2)
Squad-3(Army-3) наносит 0.54 урона Squad-3(Army-2)
Squad-2(Army-1) наносит 0.66 урона Squad-1(Army-2)
Squad-1(Army-2) наносит 0.57 урона Squad-1(Army-1)
Squad-1(Army-3) наносит 0.72 урона Squad-3(Army-2)
Squad-1(Army-1) наносит 0.48 урона Squad-2(Army-2)
Squad-3(Army-3) наносит 0.57 урона Squad-3(Army-2)
Squad-1(Army-1) наносит 0.51 урона Squad-1(Army-2)
Squad-2(Army-2) наносит 0.84 урона Squad-1(Army-1)
Squad-2(Army-3) наносит 1.65 урона Squad-3(Army-2)
Squad-1(Army-2) наносит 0.6 урона Squad-1(Army-1)
Squad-3(Army-3) наносит 0.6 урона Squad-3(Army-2)
Squad-2(Army-2) наносит 0.93 урона Squad-1(Army-1)
Squad-1(Army-3) наносит 0.75 урона Squad-3(Army-2)
Squad-3(Army-1) наносит 0.6 урона Squad-2(Army-3)
Squad-2(Army-3) наносит 1.74 урона Squad-3(Army-2)
Squad-1(Army-1) наносит 0.54 урона Squad-2(Army-3)
Squad-1(Army-2) наносит 0.63 урона Squad-1(Army-1)
Squad-2(Army-3) наносит 1.83 урона Squad-3(Army-2)
Squad-1(Army-2) наносит 0.66 урона Squad-1(Army-1)
Squad-2(Army-3) наносит 1.92 урона Squad-3(Army-2)
Squad-1(Army-2) наносит 0.69 урона Squad-1(Army-1)
Squad-1(Army-3) наносит 0.78 урона Squad-3(Army-2)
Squad-2(Army-1) наносит 0.75 урона Squad-2(Army-2)
Squad-3(Army-3) наносит 0.63 урона Squad-3(Army-2)
Squad-3(Army-3) наносит 0.66 урона Squad-3(Army-2)
Squad-1(Army-3) наносит 0.81 урона Squad-3(Army-2)
Squad-2(Army-1) наносит 0.84 урона Squad-2(Army-2)
Squad-1(Army-2) наносит 0.72 урона Squad-1(Army-1)
Squad-1(Army-3) наносит 0.84 урона Squad-3(Army-2)
Squad-2(Army-1) наносит 0.93 урона Squad-2(Army-2)
Squad-3(Army-3) наносит 0.69 урона Squad-3(Army-2)
Squad-1(Army-3) наносит 0.87 урона Squad-3(Army-2)
Squad-3(Army-1) наносит 0.63 урона Squad-2(Army-2)
Squad-1(Army-2) наносит 0.75 урона Squad-1(Army-1)
Squad-3(Army-3) наносит 0.72 урона Squad-3(Army-2)
Squad-1(Army-3) наносит 0.9 урона Squad-3(Army-2)
Squad-3(Army-3) наносит 0.75 урона Squad-3(Army-2)
Squad-2(Army-1) наносит 1.02 урона Squad-2(Army-2)
Squad-1(Army-2) наносит 0.78 урона Squad-1(Army-1)
Squad-2(Army-3) наносит 2.01 урона Squad-3(Army-2)
Squad-2(Army-1) наносит 1.11 урона Squad-1(Army-2)
Squad-3(Army-3) наносит 0.78 урона Squad-3(Army-2)
Squad-2(Army-3) наносит 2.1 урона Squad-3(Army-2)
Squad-2(Army-1) наносит 1.2 урона Squad-3(Army-2)
Squad-3(Army-3) наносит 0.81 урона Squad-3(Army-2)
Squad-1(Army-2) наносит 0.81 урона Squad-1(Army-1)
Squad-3(Army-3) наносит 0.84 урона Squad-3(Army-2)
Squad-3(Army-1) наносит 0.66 урона Squad-3(Army-3)
Squad-1(Army-2) наносит 0.84 урона Squad-1(Army-1)
Squad-1(Army-3) наносит 0.93 урона Squad-3(Army-2)
Squad-1(Army-1) наносит 0.57 урона Squad-3(Army-2)
Squad-1(Army-3) наносит 0.96 урона Squad-3(Army-2)
Squad-2(Army-1) наносит 1.29 урона Squad-3(Army-2)
Squad-2(Army-2) наносит 1.02 урона Squad-1(Army-1)
Squad-1(Army-3) наносит 0.99 урона Squad-3(Army-2)
Squad-3(Army-1) наносит 0.69 урона Squad-3(Army-3)
Squad-3(Army-3) наносит 0.87 урона Squad-3(Army-2)
Squad-3(Army-1) наносит 0.72 урона Squad-2(Army-3)
Squad-1(Army-2) наносит 0.87 урона Squad-1(Army-1)
Squad-1(Army-3) наносит 1.02 урона Squad-3(Army-2)
Squad-1(Army-2) наносит 0.9 урона Squad-1(Army-1)
Squad-2(Army-3) наносит 2.19 урона Squad-3(Army-2)
Squad-1(Army-2) наносит 0.93 урона Squad-1(Army-1)
Squad-3(Army-3) наносит 0.9 урона Squad-3(Army-2)
Squad-3(Army-3) наносит 0.93 урона Squad-3(Army-2)
Squad-3(Army-1) наносит 0.75 урона Squad-3(Army-2)
Squad-2(Army-2) наносит 1.11 урона Squad-1(Army-1)
Squad-1(Army-3) наносит 1.05 урона Squad-3(Army-2)
Squad-1(Army-1) наносит 0.6 урона Squad-2(Army-2)
Squad-2(Army-2) наносит 1.2 урона Squad-1(Army-1)
Squad-1(Army-3) наносит 1.08 урона Squad-3(Army-2)
Squad-1(Army-2) наносит 0.96 урона Squad-1(Army-1)
Squad-3(Army-3) наносит 0.96 урона Squad-3(Army-2)
Squad-2(Army-2) наносит 1.29 урона Squad-1(Army-1)
Squad-3(Army-3) наносит 0.99 урона Squad-3(Army-2)
Squad-2(Army-3) наносит 2.28 урона Squad-3(Army-2)
Squad-1(Army-2) наносит 0.99 урона Squad-1(Army-1)
Squad-1(Army-3) наносит 1.11 урона Squad-3(Army-2)
Squad-1(Army-2) наносит 1.02 урона Squad-1(Army-1)
Squad-3(Army-3) наносит 1.02 урона Squad-3(Army-2)
Squad-2(Army-2) наносит 1.38 урона Squad-1(Army-1)
Squad-3(Army-3) наносит 1.05 урона Squad-3(Army-2)
Squad-1(Army-2) наносит 1.05 урона Squad-1(Army-1)
Squad-2(Army-3) наносит 2.37 урона Squad-3(Army-2)
Squad-2(Army-2) наносит 1.47 урона Squad-1(Army-1)
Squad-3(Army-3) наносит 1.08 урона Squad-3(Army-2)
Squad-1(Army-3) наносит 1.14 урона Squad-3(Army-2)
Squad-1(Army-2) наносит 1.08 урона Squad-1(Army-1)
Squad-3(Army-3) наносит 1.11 урона Squad-3(Army-2)
Squad-2(Army-2) наносит 1.56 урона Squad-1(Army-1)
Squad-3(Army-3) наносит 1.14 урона Squad-3(Army-2)
Squad-3(Army-1) наносит 0.78 урона Squad-2(Army-2)
Squad-1(Army-3) наносит 1.17 урона Squad-3(Army-2)
Squad-1(Army-2) наносит 1.11 урона Squad-1(Army-1)
Squad-3(Army-3) наносит 1.17 урона Squad-3(Army-2)
Squad-3(Army-1) наносит 0.81 урона Squad-3(Army-3)
Squad-2(Army-3) наносит 2.46 урона Squad-3(Army-2)
Squad-2(Army-2) наносит 1.65 урона Squad-1(Army-1)
Squad-3(Army-3) наносит 1.2 урона Squad-3(Army-2)
Squad-3(Army-3) наносит 1.23 урона Squad-3(Army-2)
Squad-1(Army-2) наносит 1.14 урона Squad-1(Army-1)
Squad-1(Army-3) наносит 1.2 урона Squad-3(Army-2)
Squad-3(Army-3) наносит 1.26 урона Squad-3(Army-2)
Squad-3(Army-3) наносит 1.29 урона Squad-3(Army-2)
Squad-2(Army-3) наносит 2.55 урона Squad-3(Army-2)
Squad-2(Army-2) наносит 1.74 урона Squad-1(Army-1)
Squad-2(Army-3) наносит 2.64 урона Squad-3(Army-2)
Squad-2(Army-3) наносит 2.73 урона Squad-3(Army-2)
Squad-3(Army-1) наносит 0.84 урона Squad-3(Army-2)
> Squad-3 (Army-2) уничтожен!
Squad-2(Army-2) наносит 1.83 урона Squad-1(Army-1)
Squad-3(Army-3) наносит 1.32 урона Squad-2(Army-2)
Squad-1(Army-2) наносит 1.17 урона Squad-1(Army-1)
Squad-1(Army-3) наносит 1.23 урона Squad-2(Army-2)
Squad-2(Army-1) наносит 1.38 урона Squad-2(Army-2)
Squad-2(Army-2) наносит 1.92 урона Squad-1(Army-1)
Squad-1(Army-3) наносит 1.26 урона Squad-2(Army-2)
Squad-1(Army-2) наносит 1.2 урона Squad-1(Army-1)
Squad-3(Army-3) наносит 1.35 урона Squad-2(Army-2)
Squad-2(Army-1) наносит 1.47 урона Squad-2(Army-2)
Squad-1(Army-2) наносит 1.23 урона Squad-1(Army-1)
Squad-1(Army-3) наносит 1.29 урона Squad-2(Army-2)
Squad-1(Army-2) наносит 1.26 урона Squad-1(Army-1)
Squad-2(Army-3) наносит 2.82 урона Squad-2(Army-2)
Squad-2(Army-2) наносит 2.01 урона Squad-1(Army-1)
Squad-1(Army-3) наносит 1.32 урона Squad-2(Army-2)
Squad-1(Army-2) наносит 1.29 урона Squad-1(Army-1)
Squad-1(Army-3) наносит 1.35 урона Squad-2(Army-2)
Squad-1(Army-2) наносит 1.32 урона Squad-1(Army-1)
Squad-3(Army-3) наносит 1.38 урона Squad-2(Army-2)
Squad-2(Army-1) наносит 1.56 урона Squad-2(Army-2)
Squad-2(Army-2) наносит 2.1 урона Squad-1(Army-1)
Squad-2(Army-3) наносит 2.91 урона Squad-2(Army-2)
Squad-2(Army-2) наносит 2.19 урона Squad-1(Army-1)
Squad-1(Army-3) наносит 1.38 урона Squad-2(Army-2)
Squad-3(Army-1) наносит 0.87 урона Squad-2(Army-3)
Squad-1(Army-2) наносит 1.35 урона Squad-1(Army-1)
Squad-3(Army-3) наносит 1.41 урона Squad-2(Army-2)
Squad-1(Army-2) наносит 1.38 урона Squad-1(Army-1)
Squad-3(Army-3) наносит 1.44 урона Squad-2(Army-2)
Squad-1(Army-2) наносит 1.41 урона Squad-1(Army-1)
Squad-3(Army-3) наносит 1.47 урона Squad-2(Army-2)
Squad-2(Army-2) наносит 2.28 урона Squad-1(Army-1)
Squad-1(Army-3) наносит 1.41 урона Squad-2(Army-2)
Squad-2(Army-2) наносит 2.37 урона Squad-1(Army-1)
Squad-1(Army-3) наносит 1.44 урона Squad-2(Army-2)
Squad-2(Army-2) наносит 2.46 урона Squad-1(Army-1)
Squad-3(Army-3) наносит 1.5 урона Squad-2(Army-2)
Squad-1(Army-2) наносит 1.44 урона Squad-1(Army-1)
Squad-2(Army-3) наносит 3 урона Squad-2(Army-2)
Squad-1(Army-2) наносит 1.47 урона Squad-1(Army-1)
Squad-3(Army-3) наносит 1.53 урона Squad-2(Army-2)
Squad-1(Army-2) наносит 1.5 урона Squad-1(Army-1)
Squad-1(Army-3) наносит 1.47 урона Squad-2(Army-2)
Squad-2(Army-2) наносит 2.55 урона Squad-1(Army-1)
Squad-3(Army-3) наносит 1.56 урона Squad-2(Army-2)
Squad-3(Army-1) наносит 0.9 урона Squad-2(Army-2)
Squad-2(Army-2) наносит 2.64 урона Squad-1(Army-1)
Squad-3(Army-3) наносит 1.59 урона Squad-2(Army-2)
Squad-1(Army-2) наносит 1.53 урона Squad-1(Army-1)
Squad-2(Army-3) наносит 3.09 урона Squad-2(Army-2)
Squad-2(Army-2) наносит 2.73 урона Squad-1(Army-1)
Squad-2(Army-3) наносит 3.18 урона Squad-2(Army-2)
Squad-2(Army-1) наносит 1.65 урона Squad-2(Army-2)
Squad-1(Army-2) наносит 1.56 урона Squad-1(Army-1)
Squad-2(Army-3) наносит 3.27 урона Squad-2(Army-2)
Squad-2(Army-2) наносит 2.82 урона Squad-1(Army-1)
Squad-3(Army-3) наносит 1.62 урона Squad-2(Army-2)
Squad-1(Army-2) наносит 1.59 урона Squad-1(Army-1)
Squad-2(Army-3) наносит 3.36 урона Squad-2(Army-2)
Squad-2(Army-2) наносит 2.91 урона Squad-1(Army-1)
Squad-1(Army-3) наносит 1.5 урона Squad-2(Army-2)
Squad-2(Army-2) наносит 3 урона Squad-1(Army-1)
Squad-3(Army-3) наносит 1.65 урона Squad-2(Army-2)
Squad-1(Army-2) наносит 1.62 урона Squad-1(Army-1)
Squad-2(Army-3) наносит 3.45 урона Squad-2(Army-2)
Squad-1(Army-2) наносит 1.65 урона Squad-1(Army-1)
Squad-3(Army-3) наносит 1.65 урона Squad-2(Army-2)
Squad-1(Army-2) наносит 1.65 урона Squad-1(Army-1)
> Squad-1 (Army-1) уничтожен!
Squad-1(Army-3) наносит 1.53 урона Squad-2(Army-2)
Squad-2(Army-3) наносит 3.54 урона Squad-2(Army-2)
Squad-1(Army-2) наносит 1.65 урона Squad-2(Army-1)
Squad-3(Army-3) наносит 1.65 урона Squad-2(Army-2)
Squad-2(Army-3) наносит 3.63 урона Squad-2(Army-2)
Squad-3(Army-3) наносит 1.65 урона Squad-2(Army-2)
Squad-1(Army-3) наносит 1.56 урона Squad-2(Army-2)
Squad-1(Army-3) наносит 1.59 урона Squad-2(Army-2)
Squad-1(Army-2) наносит 1.65 урона Squad-2(Army-1)
Squad-1(Army-3) наносит 1.62 урона Squad-2(Army-2)
Squad-2(Army-3) наносит 3.72 урона Squad-2(Army-2)
Squad-1(Army-2) наносит 1.65 урона Squad-2(Army-1)
Squad-1(Army-3) наносит 1.65 урона Squad-2(Army-2)
Squad-1(Army-2) наносит 1.65 урона Squad-2(Army-1)
Squad-2(Army-3) наносит 3.81 урона Squad-2(Army-2)
Squad-3(Army-1) наносит 0.93 урона Squad-2(Army-2)
Squad-1(Army-2) наносит 1.65 урона Squad-2(Army-1)
Squad-1(Army-3) наносит 1.65 урона Squad-2(Army-2)
Squad-1(Army-2) наносит 1.65 урона Squad-2(Army-1)
Squad-1(Army-3) наносит 1.65 урона Squad-2(Army-2)
Squad-1(Army-3) наносит 1.65 урона Squad-2(Army-2)
Squad-3(Army-3) наносит 1.65 урона Squad-2(Army-2)
Squad-2(Army-3) наносит 3.9 урона Squad-2(Army-2)
Squad-3(Army-1) наносит 0.96 урона Squad-2(Army-3)
Squad-3(Army-3) наносит 1.65 урона Squad-2(Army-2)
Squad-1(Army-2) наносит 1.65 урона Squad-2(Army-1)
Squad-2(Army-3) наносит 3.99 урона Squad-2(Army-2)
Squad-1(Army-2) наносит 1.65 урона Squad-2(Army-1)
Squad-1(Army-3) наносит 1.65 урона Squad-2(Army-2)
Squad-2(Army-3) наносит 4.08 урона Squad-2(Army-2)
Squad-2(Army-3) наносит 4.17 урона Squad-2(Army-2)
Squad-1(Army-2) наносит 1.65 урона Squad-2(Army-1)
Squad-3(Army-3) наносит 1.65 урона Squad-2(Army-2)
Squad-3(Army-1) наносит 0.99 урона Squad-2(Army-2)
Squad-1(Army-3) наносит 1.65 урона Squad-2(Army-2)
Squad-2(Army-1) наносит 1.74 урона Squad-2(Army-2)
Squad-1(Army-2) наносит 1.65 урона Squad-2(Army-1)
Squad-3(Army-3) наносит 1.65 урона Squad-2(Army-2)
Squad-1(Army-2) наносит 1.65 урона Squad-2(Army-1)
Squad-2(Army-3) наносит 4.26 урона Squad-2(Army-2)
Squad-2(Army-3) наносит 4.35 урона Squad-2(Army-2)
Squad-2(Army-1) наносит 1.83 урона Squad-2(Army-2)
Squad-1(Army-2) наносит 1.65 урона Squad-2(Army-1)
Squad-1(Army-3) наносит 1.65 урона Squad-2(Army-2)
Squad-2(Army-3) наносит 4.44 урона Squad-2(Army-2)
Squad-1(Army-3) наносит 1.65 урона Squad-2(Army-2)
Squad-1(Army-2) наносит 1.65 урона Squad-2(Army-1)
Squad-3(Army-3) наносит 1.65 урона Squad-2(Army-2)
Squad-1(Army-3) наносит 1.65 урона Squad-2(Army-2)
Squad-2(Army-3) наносит 4.53 урона Squad-2(Army-2)
> Squad-2 (Army-2) уничтожен!
Squad-1(Army-2) наносит 1.65 урона Squad-2(Army-1)
Squad-1(Army-2) наносит 1.65 урона Squad-2(Army-1)
Squad-1(Army-2) наносит 1.65 урона Squad-2(Army-1)
Squad-1(Army-3) наносит 1.65 урона Squad-1(Army-2)
Squad-1(Army-2) наносит 1.65 урона Squad-2(Army-1)
Squad-1(Army-2) наносит 1.65 урона Squad-2(Army-1)
Squad-1(Army-2) наносит 1.65 урона Squad-2(Army-1)
Squad-1(Army-2) наносит 1.65 урона Squad-2(Army-1)
Squad-1(Army-3) наносит 1.65 урона Squad-1(Army-2)
Squad-1(Army-2) наносит 1.65 урона Squad-2(Army-1)
Squad-3(Army-3) наносит 1.65 урона Squad-1(Army-2)
Squad-1(Army-2) наносит 1.65 урона Squad-2(Army-1)
Squad-3(Army-3) наносит 1.65 урона Squad-1(Army-2)
Squad-1(Army-2) наносит 1.65 урона Squad-2(Army-1)
Squad-1(Army-3) наносит 1.65 урона Squad-1(Army-2)
Squad-1(Army-2) наносит 1.65 урона Squad-2(Army-1)
Squad-1(Army-3) наносит 1.65 урона Squad-1(Army-2)
Squad-1(Army-2) наносит 1.65 урона Squad-2(Army-1)
Squad-2(Army-3) наносит 4.62 урона Squad-1(Army-2)
Squad-1(Army-2) наносит 1.65 урона Squad-2(Army-1)
Squad-1(Army-3) наносит 1.65 урона Squad-1(Army-2)
Squad-1(Army-2) наносит 1.65 урона Squad-2(Army-1)
Squad-2(Army-3) наносит 4.71 урона Squad-1(Army-2)
Squad-1(Army-2) наносит 1.65 урона Squad-2(Army-1)
Squad-3(Army-3) наносит 1.65 урона Squad-1(Army-2)
Squad-1(Army-2) наносит 1.65 урона Squad-2(Army-1)
Squad-2(Army-3) наносит 4.8 урона Squad-1(Army-2)
Squad-3(Army-1) наносит 1.02 урона Squad-3(Army-3)
Squad-1(Army-2) наносит 1.65 урона Squad-2(Army-1)
Squad-3(Army-3) наносит 1.65 урона Squad-1(Army-2)
Squad-1(Army-2) наносит 1.65 урона Squad-2(Army-1)
Squad-1(Army-3) наносит 1.65 урона Squad-1(Army-2)
Squad-3(Army-1) наносит 1.05 урона Squad-1(Army-2)
Squad-1(Army-2) наносит 1.65 урона Squad-2(Army-1)
Squad-2(Army-3) наносит 4.8 урона Squad-1(Army-2)
Squad-1(Army-2) наносит 1.65 урона Squad-2(Army-1)
Squad-2(Army-3) наносит 4.8 урона Squad-1(Army-2)
Squad-1(Army-2) наносит 1.65 урона Squad-2(Army-1)
Squad-3(Army-3) наносит 1.65 урона Squad-1(Army-2)
Squad-1(Army-2) наносит 1.65 урона Squad-2(Army-1)
Squad-3(Army-3) наносит 1.65 урона Squad-1(Army-2)
Squad-3(Army-1) наносит 1.08 урона Squad-3(Army-3)
Squad-1(Army-2) наносит 1.65 урона Squad-2(Army-1)
Squad-2(Army-3) наносит 4.8 урона Squad-1(Army-2)
Squad-1(Army-2) наносит 1.65 урона Squad-2(Army-1)
Squad-3(Army-3) наносит 1.65 урона Squad-1(Army-2)
Squad-1(Army-2) наносит 1.65 урона Squad-2(Army-1)
Squad-2(Army-3) наносит 4.8 урона Squad-1(Army-2)
Squad-1(Army-2) наносит 1.65 урона Squad-2(Army-1)
Squad-2(Army-3) наносит 4.8 урона Squad-1(Army-2)
Squad-1(Army-2) наносит 1.65 урона Squad-2(Army-1)
Squad-1(Army-3) наносит 1.65 урона Squad-1(Army-2)
Squad-1(Army-2) наносит 1.65 урона Squad-2(Army-1)
Squad-1(Army-3) наносит 1.65 урона Squad-1(Army-2)
Squad-1(Army-3) наносит 1.65 урона Squad-1(Army-2)
Squad-1(Army-2) наносит 1.65 урона Squad-2(Army-1)
Squad-3(Army-3) наносит 1.65 урона Squad-1(Army-2)
Squad-1(Army-3) наносит 1.65 урона Squad-1(Army-2)
Squad-1(Army-2) наносит 1.65 урона Squad-2(Army-1)
Squad-3(Army-3) наносит 1.65 урона Squad-1(Army-2)
Squad-1(Army-2) наносит 1.65 урона Squad-2(Army-1)
Squad-1(Army-3) наносит 1.65 урона Squad-1(Army-2)
Squad-1(Army-2) наносит 1.65 урона Squad-2(Army-1)
Squad-1(Army-3) наносит 1.65 урона Squad-1(Army-2)
Squad-3(Army-1) наносит 1.11 урона Squad-1(Army-2)
Squad-1(Army-2) наносит 1.65 урона Squad-2(Army-1)
Squad-2(Army-3) наносит 4.8 урона Squad-1(Army-2)
Squad-2(Army-3) наносит 4.8 урона Squad-1(Army-2)
Squad-3(Army-3) наносит 1.65 урона Squad-1(Army-2)
Squad-1(Army-3) наносит 1.65 урона Squad-1(Army-2)
Squad-2(Army-3) наносит 4.8 урона Squad-1(Army-2)
Squad-1(Army-3) наносит 1.65 урона Squad-1(Army-2)
Squad-2(Army-3) наносит 4.8 урона Squad-1(Army-2)
> Squad-1 (Army-2) уничтожен!
>>> Army-2 уничтожена!
Squad-2(Army-3) наносит 4.8 урона Squad-3(Army-1)
Squad-1(Army-3) наносит 1.65 урона Squad-3(Army-1)
Squad-3(Army-3) наносит 1.65 урона Squad-3(Army-1)
Squad-2(Army-3) наносит 4.8 урона Squad-3(Army-1)
Squad-3(Army-3) наносит 1.65 урона Squad-3(Army-1)
Squad-3(Army-3) наносит 1.65 урона Squad-3(Army-1)
Squad-3(Army-3) наносит 1.65 урона Squad-3(Army-1)
Squad-3(Army-3) наносит 1.65 урона Squad-3(Army-1)
Squad-2(Army-3) наносит 4.8 урона Squad-3(Army-1)
Squad-3(Army-3) наносит 1.65 урона Squad-3(Army-1)
Squad-1(Army-3) наносит 1.65 урона Squad-3(Army-1)
Squad-1(Army-3) наносит 1.65 урона Squad-3(Army-1)
Squad-3(Army-3) наносит 1.65 урона Squad-3(Army-1)
Squad-1(Army-3) наносит 1.65 урона Squad-3(Army-1)
Squad-1(Army-3) наносит 1.65 урона Squad-3(Army-1)
Squad-1(Army-3) наносит 1.65 урона Squad-3(Army-1)
Squad-2(Army-3) наносит 4.8 урона Squad-3(Army-1)
Squad-1(Army-3) наносит 1.65 урона Squad-3(Army-1)
Squad-2(Army-3) наносит 4.8 урона Squad-3(Army-1)
Squad-3(Army-3) наносит 1.65 урона Squad-3(Army-1)
Squad-2(Army-3) наносит 4.8 урона Squad-3(Army-1)
Squad-3(Army-3) наносит 1.65 урона Squad-3(Army-1)
Squad-3(Army-3) наносит 1.65 урона Squad-3(Army-1)
Squad-3(Army-3) наносит 1.65 урона Squad-3(Army-1)
Squad-1(Army-3) наносит 1.65 урона Squad-3(Army-1)
Squad-1(Army-3) наносит 1.65 урона Squad-3(Army-1)
Squad-3(Army-3) наносит 1.65 урона Squad-3(Army-1)
Squad-3(Army-3) наносит 1.65 урона Squad-3(Army-1)
Squad-2(Army-3) наносит 4.8 урона Squad-3(Army-1)
Squad-2(Army-3) наносит 4.8 урона Squad-3(Army-1)
Squad-2(Army-3) наносит 4.8 урона Squad-3(Army-1)
Squad-1(Army-3) наносит 1.65 урона Squad-3(Army-1)
Squad-2(Army-3) наносит 4.8 урона Squad-3(Army-1)
Squad-2(Army-3) наносит 4.8 урона Squad-3(Army-1)
Squad-1(Army-3) наносит 1.65 урона Squad-3(Army-1)
Squad-2(Army-3) наносит 4.8 урона Squad-3(Army-1)
Squad-1(Army-3) наносит 1.65 урона Squad-3(Army-1)
Squad-2(Army-3) наносит 4.8 урона Squad-3(Army-1)
> Squad-3 (Army-1) уничтожен!
Squad-2(Army-3) наносит 4.8 урона Squad-2(Army-1)
Squad-1(Army-3) наносит 1.65 урона Squad-2(Army-1)
Squad-3(Army-3) наносит 1.65 урона Squad-2(Army-1)
Squad-2(Army-3) наносит 4.8 урона Squad-2(Army-1)
Squad-3(Army-3) наносит 1.65 урона Squad-2(Army-1)
Squad-1(Army-3) наносит 1.65 урона Squad-2(Army-1)
Squad-3(Army-3) наносит 1.65 урона Squad-2(Army-1)
Squad-2(Army-3) наносит 4.8 урона Squad-2(Army-1)
Squad-2(Army-3) наносит 4.8 урона Squad-2(Army-1)
Squad-1(Army-3) наносит 1.65 урона Squad-2(Army-1)
Squad-1(Army-3) наносит 1.65 урона Squad-2(Army-1)
Squad-2(Army-3) наносит 4.8 урона Squad-2(Army-1)
Squad-2(Army-3) наносит 4.8 урона Squad-2(Army-1)
Squad-3(Army-3) наносит 1.65 урона Squad-2(Army-1)
Squad-3(Army-3) наносит 1.65 урона Squad-2(Army-1)
Squad-3(Army-3) наносит 1.65 урона Squad-2(Army-1)
Squad-3(Army-3) наносит 1.65 урона Squad-2(Army-1)
Squad-3(Army-3) наносит 1.65 урона Squad-2(Army-1)
Squad-3(Army-3) наносит 1.65 урона Squad-2(Army-1)
Squad-3(Army-3) наносит 1.65 урона Squad-2(Army-1)
Squad-3(Army-3) наносит 1.65 урона Squad-2(Army-1)
Squad-3(Army-3) наносит 1.65 урона Squad-2(Army-1)
Squad-3(Army-3) наносит 1.65 урона Squad-2(Army-1)
Squad-1(Army-3) наносит 1.65 урона Squad-2(Army-1)
Squad-2(Army-3) наносит 4.8 урона Squad-2(Army-1)
Squad-1(Army-3) наносит 1.65 урона Squad-2(Army-1)
Squad-3(Army-3) наносит 1.65 урона Squad-2(Army-1)
Squad-2(Army-3) наносит 4.8 урона Squad-2(Army-1)
Squad-3(Army-3) наносит 1.65 урона Squad-2(Army-1)
Squad-1(Army-3) наносит 1.65 урона Squad-2(Army-1)
Squad-3(Army-3) наносит 1.65 урона Squad-2(Army-1)
Squad-3(Army-3) наносит 1.65 урона Squad-2(Army-1)
Squad-2(Army-3) наносит 4.8 урона Squad-2(Army-1)
Squad-1(Army-3) наносит 1.65 урона Squad-2(Army-1)
Squad-3(Army-3) наносит 1.65 урона Squad-2(Army-1)
Squad-2(Army-3) наносит 4.8 урона Squad-2(Army-1)
> Squad-2 (Army-1) уничтожен!
>>> Army-1 уничтожена!

Победитель: Army-3
Количество раундов - 295
