
===================================================================
New Battle
2018-10-15 15:03

Список армий: 
-----
Army-1
Стратегия: random
Отряды: 
Squad-1 (soldiers - 3 ед.)
Squad-2 (vehicles - 3 ед.)
Squad-3 (soldiers - 3 ед.)
-----
Army-2
Стратегия: weakest
Отряды: 
Squad-1 (soldiers - 3 ед.)
Squad-2 (vehicles - 3 ед.)
Squad-3 (soldiers - 3 ед.)
-----
Army-3
Стратегия: strongest
Отряды: 
Squad-1 (soldiers - 3 ед.)
Squad-2 (vehicles - 3 ед.)
Squad-3 (soldiers - 3 ед.)
-----
Squad-3(Army-1) наносит 0.18 урона Squad-2(Army-2)
Squad-1(Army-2) наносит 0.18 урона Squad-2(Army-1)
Squad-1(Army-3) наносит 0.18 урона Squad-3(Army-2)
Squad-1(Army-1) наносит 0.18 урона Squad-1(Army-2)
Squad-3(Army-1) наносит 0.21 урона Squad-1(Army-3)
Squad-1(Army-1) наносит 0.21 урона Squad-1(Army-2)
Squad-1(Army-2) наносит 0.21 урона Squad-2(Army-1)
Squad-2(Army-3) наносит 0.39 урона Squad-3(Army-2)
Squad-1(Army-2) наносит 0.24 урона Squad-2(Army-3)
Squad-2(Army-1) наносит 0.39 урона Squad-1(Army-3)
Squad-2(Army-3) наносит 0.48 урона Squad-3(Army-2)
Squad-1(Army-2) наносит 0.27 урона Squad-1(Army-1)
Squad-3(Army-1) наносит 0.24 урона Squad-3(Army-3)
Squad-1(Army-3) наносит 0.21 урона Squad-1(Army-2)
Squad-3(Army-1) наносит 0.27 урона Squad-1(Army-2)
Squad-1(Army-1) наносит 0.24 урона Squad-1(Army-2)
Squad-2(Army-2) наносит 0.39 урона Squad-3(Army-1)
Squad-1(Army-3) наносит 0.24 урона Squad-3(Army-2)
Squad-3(Army-1) наносит 0.3 урона Squad-1(Army-2)
Squad-1(Army-3) наносит 0.27 урона Squad-3(Army-2)
Squad-2(Army-3) наносит 0.57 урона Squad-3(Army-2)
Squad-2(Army-1) наносит 0.48 урона Squad-1(Army-3)
Squad-2(Army-1) наносит 0.57 урона Squad-1(Army-2)
Squad-2(Army-2) наносит 0.48 урона Squad-3(Army-1)
Squad-2(Army-2) наносит 0.57 урона Squad-3(Army-1)
Squad-3(Army-1) наносит 0.33 урона Squad-3(Army-2)
Squad-3(Army-2) наносит 0.18 урона Squad-1(Army-1)
Squad-1(Army-3) наносит 0.3 урона Squad-3(Army-2)
Squad-1(Army-3) наносит 0.33 урона Squad-3(Army-2)
Squad-1(Army-1) наносит 0.27 урона Squad-3(Army-2)
Squad-2(Army-2) наносит 0.66 урона Squad-3(Army-1)
Squad-2(Army-2) наносит 0.75 урона Squad-3(Army-3)
Squad-3(Army-1) наносит 0.36 урона Squad-3(Army-3)
Squad-2(Army-3) наносит 0.66 урона Squad-2(Army-2)
Squad-2(Army-2) наносит 0.84 урона Squad-2(Army-1)
Squad-1(Army-3) наносит 0.36 урона Squad-3(Army-2)
Squad-3(Army-2) наносит 0.21 урона Squad-2(Army-1)
Squad-3(Army-1) наносит 0.39 урона Squad-1(Army-2)
Squad-2(Army-1) наносит 0.66 урона Squad-3(Army-2)
Squad-3(Army-2) наносит 0.24 урона Squad-1(Army-3)
Squad-2(Army-3) наносит 0.75 урона Squad-2(Army-2)
Squad-1(Army-3) наносит 0.39 урона Squad-2(Army-1)
Squad-2(Army-1) наносит 0.75 урона Squad-3(Army-3)
Squad-1(Army-2) наносит 0.3 урона Squad-2(Army-1)
Squad-2(Army-3) наносит 0.84 урона Squad-1(Army-1)
Squad-3(Army-1) наносит 0.42 урона Squad-2(Army-3)
Squad-1(Army-2) наносит 0.33 урона Squad-1(Army-1)
Squad-3(Army-3) наносит 0.18 урона Squad-2(Army-2)
Squad-1(Army-1) наносит 0.3 урона Squad-1(Army-2)
Squad-2(Army-2) наносит 0.93 урона Squad-3(Army-1)
Squad-1(Army-3) наносит 0.42 урона Squad-3(Army-1)
Squad-1(Army-1) наносит 0.33 урона Squad-2(Army-3)
Squad-2(Army-2) наносит 1.02 урона Squad-3(Army-3)
Squad-3(Army-3) наносит 0.21 урона Squad-2(Army-2)
Squad-1(Army-1) наносит 0.36 урона Squad-3(Army-3)
Squad-2(Army-2) наносит 1.11 урона Squad-1(Army-1)
Squad-3(Army-3) наносит 0.24 урона Squad-1(Army-2)
Squad-1(Army-3) наносит 0.45 урона Squad-3(Army-2)
Squad-3(Army-1) наносит 0.45 урона Squad-1(Army-3)
Squad-1(Army-2) наносит 0.36 урона Squad-2(Army-3)
Squad-1(Army-3) наносит 0.48 урона Squad-3(Army-2)
Squad-3(Army-1) наносит 0.48 урона Squad-3(Army-2)
Squad-2(Army-2) наносит 1.2 урона Squad-3(Army-1)
Squad-1(Army-3) наносит 0.51 урона Squad-3(Army-1)
Squad-2(Army-2) наносит 1.29 урона Squad-2(Army-1)
Squad-1(Army-1) наносит 0.39 урона Squad-2(Army-3)
Squad-1(Army-2) наносит 0.39 урона Squad-2(Army-1)
Squad-2(Army-3) наносит 0.93 урона Squad-1(Army-2)
Squad-1(Army-1) наносит 0.42 урона Squad-1(Army-3)
Squad-2(Army-3) наносит 1.02 урона Squad-3(Army-2)
Squad-3(Army-2) наносит 0.27 урона Squad-3(Army-3)
Squad-1(Army-2) наносит 0.42 урона Squad-2(Army-1)
Squad-2(Army-3) наносит 1.11 урона Squad-2(Army-2)
Squad-1(Army-1) наносит 0.45 урона Squad-1(Army-2)
Squad-1(Army-3) наносит 0.54 урона Squad-1(Army-2)
Squad-3(Army-1) наносит 0.51 урона Squad-1(Army-3)
Squad-3(Army-2) наносит 0.3 урона Squad-2(Army-1)
Squad-2(Army-3) наносит 1.2 урона Squad-3(Army-2)
Squad-2(Army-1) наносит 0.84 урона Squad-1(Army-2)
Squad-3(Army-2) наносит 0.33 урона Squad-2(Army-1)
Squad-3(Army-1) наносит 0.54 урона Squad-3(Army-3)
Squad-3(Army-3) наносит 0.27 урона Squad-3(Army-2)
Squad-1(Army-1) наносит 0.48 урона Squad-1(Army-2)
Squad-1(Army-3) наносит 0.57 урона Squad-3(Army-2)
Squad-3(Army-2) наносит 0.36 урона Squad-1(Army-1)
Squad-3(Army-3) наносит 0.3 урона Squad-3(Army-2)
Squad-1(Army-1) наносит 0.51 урона Squad-2(Army-2)
Squad-2(Army-2) наносит 1.38 урона Squad-3(Army-1)
Squad-1(Army-3) наносит 0.6 урона Squad-1(Army-2)
Squad-1(Army-2) наносит 0.45 урона Squad-1(Army-1)
Squad-1(Army-3) наносит 0.63 урона Squad-2(Army-2)
Squad-2(Army-1) наносит 0.93 урона Squad-1(Army-2)
Squad-2(Army-3) наносит 1.29 урона Squad-3(Army-2)
Squad-3(Army-3) наносит 0.33 урона Squad-3(Army-1)
Squad-3(Army-1) наносит 0.57 урона Squad-3(Army-2)
Squad-3(Army-2) наносит 0.39 урона Squad-1(Army-1)
Squad-2(Army-3) наносит 1.38 урона Squad-2(Army-2)
Squad-1(Army-1) наносит 0.54 урона Squad-1(Army-2)
Squad-2(Army-2) наносит 1.47 урона Squad-2(Army-3)
Squad-3(Army-1) наносит 0.6 урона Squad-2(Army-2)
Squad-2(Army-2) наносит 1.56 урона Squad-1(Army-3)
Squad-1(Army-2) наносит 0.48 урона Squad-2(Army-1)
Squad-3(Army-3) наносит 0.36 урона Squad-3(Army-1)
Squad-3(Army-1) наносит 0.63 урона Squad-1(Army-2)
Squad-3(Army-3) наносит 0.39 урона Squad-1(Army-1)
Squad-2(Army-1) наносит 1.02 урона Squad-2(Army-2)
Squad-2(Army-3) наносит 1.47 урона Squad-3(Army-2)
Squad-3(Army-1) наносит 0.66 урона Squad-2(Army-2)
Squad-1(Army-3) наносит 0.66 урона Squad-3(Army-2)
Squad-3(Army-2) наносит 0.42 урона Squad-2(Army-1)
Squad-2(Army-3) наносит 1.56 урона Squad-3(Army-2)
Squad-1(Army-1) наносит 0.57 урона Squad-3(Army-2)
Squad-1(Army-3) наносит 0.69 урона Squad-3(Army-2)
Squad-1(Army-1) наносит 0.6 урона Squad-2(Army-2)
Squad-3(Army-3) наносит 0.42 урона Squad-3(Army-2)
Squad-1(Army-1) наносит 0.63 урона Squad-3(Army-2)
Squad-2(Army-2) наносит 1.65 урона Squad-1(Army-1)
Squad-2(Army-3) наносит 1.65 урона Squad-1(Army-1)
Squad-3(Army-1) наносит 0.69 урона Squad-2(Army-2)
Squad-2(Army-2) наносит 1.74 урона Squad-2(Army-1)
Squad-3(Army-3) наносит 0.45 урона Squad-2(Army-2)
Squad-3(Army-1) наносит 0.72 урона Squad-2(Army-3)
Squad-1(Army-2) наносит 0.51 урона Squad-3(Army-1)
Squad-2(Army-3) наносит 1.74 урона Squad-3(Army-1)
Squad-3(Army-2) наносит 0.45 урона Squad-2(Army-1)
Squad-2(Army-3) наносит 1.83 урона Squad-2(Army-2)
Squad-2(Army-3) наносит 1.92 урона Squad-2(Army-2)
Squad-2(Army-1) наносит 1.11 урона Squad-1(Army-2)
Squad-2(Army-3) наносит 2.01 урона Squad-1(Army-1)
Squad-1(Army-2) наносит 0.54 урона Squad-2(Army-1)
Squad-3(Army-3) наносит 0.48 урона Squad-3(Army-2)
Squad-1(Army-1) наносит 0.66 урона Squad-3(Army-3)
Squad-1(Army-2) наносит 0.57 урона Squad-1(Army-1)
Squad-2(Army-3) наносит 2.1 урона Squad-3(Army-2)
Squad-1(Army-1) наносит 0.69 урона Squad-3(Army-2)
Squad-1(Army-3) наносит 0.72 урона Squad-2(Army-2)
Squad-2(Army-2) наносит 1.83 урона Squad-1(Army-1)
Squad-3(Army-1) наносит 0.75 урона Squad-1(Army-2)
Squad-2(Army-3) наносит 2.19 урона Squad-3(Army-2)
Squad-2(Army-2) наносит 1.92 урона Squad-1(Army-1)
Squad-1(Army-2) наносит 0.6 урона Squad-1(Army-1)
Squad-3(Army-3) наносит 0.51 урона Squad-3(Army-1)
Squad-2(Army-2) наносит 2.01 урона Squad-1(Army-1)
Squad-3(Army-3) наносит 0.54 урона Squad-3(Army-1)
Squad-2(Army-2) наносит 2.1 урона Squad-1(Army-1)
Squad-1(Army-3) наносит 0.75 урона Squad-3(Army-1)
Squad-1(Army-3) наносит 0.78 урона Squad-2(Army-2)
Squad-3(Army-1) наносит 0.78 урона Squad-2(Army-2)
Squad-1(Army-2) наносит 0.63 урона Squad-2(Army-1)
Squad-2(Army-3) наносит 2.28 урона Squad-2(Army-2)
Squad-1(Army-1) наносит 0.72 урона Squad-1(Army-3)
Squad-2(Army-2) наносит 2.19 урона Squad-3(Army-1)
Squad-2(Army-2) наносит 2.28 урона Squad-1(Army-1)
Squad-1(Army-2) наносит 0.66 урона Squad-1(Army-1)
Squad-2(Army-1) наносит 1.2 урона Squad-3(Army-2)
Squad-1(Army-2) наносит 0.69 урона Squad-1(Army-1)
Squad-1(Army-3) наносит 0.81 урона Squad-3(Army-2)
Squad-2(Army-2) наносит 2.37 урона Squad-1(Army-1)
Squad-3(Army-3) наносит 0.57 урона Squad-3(Army-2)
Squad-1(Army-2) наносит 0.72 урона Squad-1(Army-1)
Squad-2(Army-3) наносит 2.37 урона Squad-2(Army-2)
Squad-2(Army-2) наносит 2.46 урона Squad-3(Army-1)
Squad-3(Army-1) наносит 0.81 урона Squad-3(Army-2)
Squad-1(Army-2) наносит 0.75 урона Squad-1(Army-1)
Squad-3(Army-3) наносит 0.6 урона Squad-3(Army-1)
Squad-3(Army-1) наносит 0.84 урона Squad-2(Army-2)
Squad-2(Army-2) наносит 2.55 урона Squad-2(Army-1)
Squad-2(Army-2) наносит 2.64 урона Squad-2(Army-1)
Squad-2(Army-3) наносит 2.46 урона Squad-2(Army-2)
Squad-3(Army-1) наносит 0.87 урона Squad-3(Army-3)
Squad-2(Army-2) наносит 2.73 урона Squad-1(Army-1)
Squad-1(Army-3) наносит 0.84 урона Squad-2(Army-2)
Squad-2(Army-2) наносит 2.82 урона Squad-1(Army-1)
Squad-1(Army-3) наносит 0.87 урона Squad-3(Army-1)
Squad-1(Army-2) наносит 0.78 урона Squad-1(Army-1)
Squad-1(Army-3) наносит 0.9 урона Squad-2(Army-2)
Squad-2(Army-2) наносит 2.91 урона Squad-1(Army-1)
Squad-3(Army-3) наносит 0.63 урона Squad-2(Army-2)
Squad-2(Army-2) наносит 3 урона Squad-1(Army-1)
Squad-1(Army-3) наносит 0.93 урона Squad-2(Army-2)
Squad-2(Army-2) наносит 3.09 урона Squad-1(Army-1)
Squad-2(Army-2) наносит 3.18 урона Squad-1(Army-1)
Squad-1(Army-3) наносит 0.96 урона Squad-2(Army-2)
Squad-2(Army-1) наносит 1.29 урона Squad-3(Army-2)
Squad-2(Army-2) наносит 3.27 урона Squad-1(Army-1)
Squad-1(Army-2) наносит 0.81 урона Squad-1(Army-1)
Squad-2(Army-3) наносит 2.55 урона Squad-2(Army-2)
Squad-1(Army-2) наносит 0.84 урона Squad-1(Army-1)
Squad-1(Army-3) наносит 0.99 урона Squad-2(Army-2)
Squad-2(Army-2) наносит 3.36 урона Squad-1(Army-1)
Squad-1(Army-3) наносит 1.02 урона Squad-2(Army-2)
Squad-3(Army-1) наносит 0.9 урона Squad-1(Army-2)
Squad-1(Army-2) наносит 0.87 урона Squad-1(Army-1)
Squad-2(Army-3) наносит 2.64 урона Squad-2(Army-2)
Squad-3(Army-2) наносит 0.48 урона Squad-1(Army-1)
Squad-3(Army-3) наносит 0.66 урона Squad-1(Army-2)
Squad-2(Army-1) наносит 1.38 урона Squad-3(Army-3)
Squad-1(Army-2) наносит 0.9 урона Squad-1(Army-1)
Squad-2(Army-3) наносит 2.73 урона Squad-2(Army-2)
Squad-1(Army-1) наносит 0.75 урона Squad-3(Army-2)
Squad-1(Army-2) наносит 0.93 урона Squad-1(Army-1)
Squad-3(Army-2) наносит 0.51 урона Squad-1(Army-1)
Squad-1(Army-3) наносит 1.05 урона Squad-2(Army-2)
Squad-1(Army-2) наносит 0.96 урона Squad-1(Army-1)
Squad-1(Army-3) наносит 1.08 урона Squad-1(Army-2)
Squad-3(Army-2) наносит 0.54 урона Squad-1(Army-1)
Squad-2(Army-3) наносит 2.82 урона Squad-3(Army-1)
Squad-3(Army-2) наносит 0.57 урона Squad-1(Army-1)
Squad-2(Army-1) наносит 1.47 урона Squad-3(Army-2)
Squad-2(Army-2) наносит 3.45 урона Squad-1(Army-1)
Squad-3(Army-1) наносит 0.93 урона Squad-3(Army-2)
Squad-1(Army-2) наносит 0.99 урона Squad-1(Army-1)
Squad-3(Army-2) наносит 0.6 урона Squad-1(Army-1)
Squad-3(Army-3) наносит 0.69 урона Squad-2(Army-2)
Squad-2(Army-2) наносит 3.54 урона Squad-1(Army-1)
Squad-2(Army-1) наносит 1.56 урона Squad-3(Army-3)
Squad-3(Army-2) наносит 0.63 урона Squad-1(Army-1)
Squad-2(Army-3) наносит 2.91 урона Squad-1(Army-2)
Squad-1(Army-2) наносит 1.02 урона Squad-1(Army-1)
Squad-1(Army-2) наносит 1.05 урона Squad-1(Army-1)
Squad-3(Army-2) наносит 0.66 урона Squad-1(Army-1)
Squad-1(Army-3) наносит 1.11 урона Squad-1(Army-2)
Squad-1(Army-2) наносит 1.08 урона Squad-1(Army-1)
Squad-2(Army-3) наносит 3 урона Squad-2(Army-2)
Squad-2(Army-1) наносит 1.65 урона Squad-2(Army-2)
Squad-3(Army-2) наносит 0.69 урона Squad-1(Army-1)
Squad-3(Army-3) наносит 0.72 урона Squad-1(Army-2)
Squad-1(Army-2) наносит 1.11 урона Squad-1(Army-1)
Squad-3(Army-3) наносит 0.75 урона Squad-1(Army-2)
Squad-2(Army-2) наносит 3.63 урона Squad-1(Army-1)
Squad-2(Army-3) наносит 3.09 урона Squad-2(Army-2)
Squad-3(Army-2) наносит 0.72 урона Squad-1(Army-1)
Squad-1(Army-3) наносит 1.14 урона Squad-2(Army-2)
Squad-1(Army-2) наносит 1.14 урона Squad-1(Army-1)
Squad-3(Army-3) наносит 0.78 урона Squad-2(Army-1)
Squad-1(Army-2) наносит 1.17 урона Squad-1(Army-1)
Squad-1(Army-3) наносит 1.17 урона Squad-1(Army-2)
Squad-1(Army-2) наносит 1.2 урона Squad-1(Army-1)
Squad-3(Army-3) наносит 0.81 урона Squad-3(Army-2)
Squad-2(Army-1) наносит 1.74 урона Squad-2(Army-2)
Squad-1(Army-2) наносит 1.23 урона Squad-1(Army-1)
Squad-1(Army-3) наносит 1.2 урона Squad-1(Army-2)
Squad-1(Army-2) наносит 1.26 урона Squad-1(Army-1)
Squad-2(Army-3) наносит 3.18 урона Squad-1(Army-2)
Squad-3(Army-2) наносит 0.75 урона Squad-1(Army-1)
Squad-2(Army-3) наносит 3.27 урона Squad-1(Army-2)
Squad-2(Army-2) наносит 3.72 урона Squad-1(Army-1)
Squad-2(Army-3) наносит 3.36 урона Squad-3(Army-1)
Squad-3(Army-1) наносит 0.96 урона Squad-3(Army-2)
Squad-1(Army-2) наносит 1.29 урона Squad-1(Army-1)
Squad-2(Army-3) наносит 3.45 урона Squad-3(Army-2)
Squad-3(Army-2) наносит 0.78 урона Squad-1(Army-1)
Squad-2(Army-2) наносит 3.81 урона Squad-1(Army-1)
Squad-2(Army-2) наносит 3.9 урона Squad-1(Army-1)
Squad-3(Army-3) наносит 0.84 урона Squad-1(Army-2)
Squad-1(Army-2) наносит 1.32 урона Squad-1(Army-1)
Squad-1(Army-3) наносит 1.23 урона Squad-3(Army-2)
Squad-2(Army-1) наносит 1.83 урона Squad-2(Army-2)
Squad-2(Army-2) наносит 3.99 урона Squad-1(Army-1)
> Squad-1 (Army-1) уничтожен!
Squad-1(Army-3) наносит 1.26 урона Squad-1(Army-2)
Squad-3(Army-3) наносит 0.87 урона Squad-2(Army-2)
Squad-1(Army-3) наносит 1.29 урона Squad-1(Army-2)
Squad-1(Army-3) наносит 1.32 урона Squad-3(Army-2)
Squad-2(Army-1) наносит 1.92 урона Squad-3(Army-2)
Squad-2(Army-3) наносит 3.54 урона Squad-2(Army-1)
Squad-3(Army-1) наносит 0.99 урона Squad-2(Army-2)
Squad-2(Army-3) наносит 3.63 урона Squad-1(Army-2)
Squad-2(Army-1) наносит 2.01 урона Squad-1(Army-2)
Squad-2(Army-3) наносит 3.72 урона Squad-2(Army-1)
Squad-2(Army-2) наносит 4.08 урона Squad-2(Army-1)
Squad-2(Army-3) наносит 3.81 урона Squad-2(Army-2)
Squad-1(Army-2) наносит 1.35 урона Squad-2(Army-1)
Squad-1(Army-3) наносит 1.35 урона Squad-2(Army-2)
Squad-3(Army-1) наносит 1.02 урона Squad-3(Army-2)
Squad-3(Army-3) наносит 0.9 урона Squad-2(Army-2)
Squad-2(Army-3) наносит 3.9 урона Squad-3(Army-1)
Squad-3(Army-3) наносит 0.93 урона Squad-1(Army-2)
Squad-1(Army-3) наносит 1.38 урона Squad-1(Army-2)
Squad-2(Army-1) наносит 2.1 урона Squad-3(Army-2)
Squad-2(Army-3) наносит 3.99 урона Squad-2(Army-2)
Squad-2(Army-1) наносит 2.19 урона Squad-2(Army-2)
Squad-1(Army-3) наносит 1.41 урона Squad-2(Army-1)
Squad-3(Army-1) наносит 1.05 урона Squad-3(Army-2)
Squad-3(Army-3) наносит 0.96 урона Squad-2(Army-1)
Squad-1(Army-2) наносит 1.38 урона Squad-3(Army-1)
Squad-1(Army-3) наносит 1.44 урона Squad-2(Army-1)
Squad-3(Army-3) наносит 0.99 урона Squad-2(Army-2)
Squad-3(Army-3) наносит 1.02 урона Squad-1(Army-2)
Squad-2(Army-3) наносит 4.08 урона Squad-2(Army-1)
Squad-1(Army-3) наносит 1.47 урона Squad-2(Army-2)
Squad-1(Army-2) наносит 1.41 урона Squad-3(Army-1)
Squad-2(Army-3) наносит 4.17 урона Squad-2(Army-1)
Squad-2(Army-1) наносит 2.28 урона Squad-3(Army-2)
Squad-1(Army-2) наносит 1.44 урона Squad-2(Army-1)
Squad-2(Army-3) наносит 4.26 урона Squad-1(Army-2)
Squad-1(Army-2) наносит 1.47 урона Squad-2(Army-1)
Squad-3(Army-3) наносит 1.05 урона Squad-3(Army-1)
Squad-3(Army-1) наносит 1.08 урона Squad-3(Army-2)
Squad-3(Army-3) наносит 1.08 урона Squad-1(Army-2)
Squad-3(Army-3) наносит 1.11 урона Squad-3(Army-1)
Squad-1(Army-2) наносит 1.5 урона Squad-2(Army-1)
Squad-2(Army-3) наносит 4.35 урона Squad-2(Army-2)
Squad-2(Army-1) наносит 2.37 урона Squad-3(Army-2)
Squad-2(Army-3) наносит 4.44 урона Squad-1(Army-2)
Squad-3(Army-3) наносит 1.14 урона Squad-3(Army-1)
Squad-2(Army-3) наносит 4.53 урона Squad-3(Army-1)
Squad-2(Army-1) наносит 2.46 урона Squad-3(Army-2)
Squad-3(Army-3) наносит 1.17 урона Squad-1(Army-2)
Squad-3(Army-1) наносит 1.11 урона Squad-1(Army-2)
Squad-2(Army-3) наносит 4.62 урона Squad-2(Army-2)
Squad-3(Army-1) наносит 1.14 урона Squad-2(Army-2)
Squad-1(Army-2) наносит 1.53 урона Squad-2(Army-1)
Squad-2(Army-3) наносит 4.71 урона Squad-1(Army-2)
Squad-1(Army-3) наносит 1.5 урона Squad-3(Army-1)
Squad-2(Army-1) наносит 2.55 урона Squad-3(Army-2)
Squad-3(Army-3) наносит 1.2 урона Squad-2(Army-1)
Squad-2(Army-3) наносит 4.8 урона Squad-2(Army-1)
Squad-3(Army-1) наносит 1.17 урона Squad-1(Army-2)
Squad-3(Army-3) наносит 1.23 урона Squad-3(Army-1)
Squad-3(Army-1) наносит 1.2 урона Squad-2(Army-2)
Squad-3(Army-3) наносит 1.26 урона Squad-3(Army-1)
Squad-2(Army-3) наносит 4.8 урона Squad-3(Army-1)
Squad-2(Army-1) наносит 2.64 урона Squad-3(Army-2)
Squad-1(Army-3) наносит 1.53 урона Squad-2(Army-1)
Squad-3(Army-1) наносит 1.23 урона Squad-1(Army-2)
Squad-3(Army-3) наносит 1.29 урона Squad-2(Army-1)
Squad-3(Army-1) наносит 1.26 урона Squad-1(Army-2)
Squad-2(Army-3) наносит 4.8 урона Squad-2(Army-1)
Squad-2(Army-1) наносит 2.73 урона Squad-3(Army-2)
Squad-3(Army-3) наносит 1.32 урона Squad-2(Army-1)
Squad-2(Army-1) наносит 2.82 урона Squad-3(Army-2)
Squad-3(Army-3) наносит 1.35 урона Squad-3(Army-1)
Squad-3(Army-1) наносит 1.29 урона Squad-1(Army-2)
Squad-1(Army-3) наносит 1.56 урона Squad-3(Army-1)
Squad-2(Army-2) наносит 4.17 урона Squad-3(Army-1)
Squad-1(Army-3) наносит 1.59 урона Squad-2(Army-1)
Squad-1(Army-3) наносит 1.62 урона Squad-2(Army-2)
Squad-1(Army-3) наносит 1.65 урона Squad-2(Army-1)
Squad-2(Army-2) наносит 4.26 урона Squad-2(Army-1)
Squad-3(Army-3) наносит 1.38 урона Squad-3(Army-1)
Squad-2(Army-3) наносит 4.8 урона Squad-2(Army-2)
Squad-2(Army-3) наносит 4.8 урона Squad-3(Army-1)
Squad-3(Army-3) наносит 1.41 урона Squad-1(Army-2)
Squad-2(Army-2) наносит 4.35 урона Squad-3(Army-1)
Squad-1(Army-3) наносит 1.65 урона Squad-2(Army-1)
Squad-1(Army-2) наносит 1.56 урона Squad-3(Army-1)
Squad-1(Army-3) наносит 1.65 урона Squad-2(Army-2)
Squad-2(Army-2) наносит 4.44 урона Squad-3(Army-1)
Squad-2(Army-3) наносит 4.8 урона Squad-1(Army-2)
Squad-2(Army-2) наносит 4.53 урона Squad-3(Army-1)
Squad-3(Army-3) наносит 1.44 урона Squad-2(Army-2)
Squad-2(Army-3) наносит 4.8 урона Squad-2(Army-2)
Squad-1(Army-2) наносит 1.59 урона Squad-3(Army-1)
Squad-2(Army-3) наносит 4.8 урона Squad-2(Army-1)
Squad-3(Army-2) наносит 0.81 урона Squad-3(Army-1)
Squad-2(Army-3) наносит 4.8 урона Squad-2(Army-1)
Squad-2(Army-2) наносит 4.62 урона Squad-3(Army-1)
Squad-1(Army-3) наносит 1.65 урона Squad-2(Army-2)
Squad-1(Army-2) наносит 1.62 урона Squad-3(Army-1)
Squad-1(Army-3) наносит 1.65 урона Squad-1(Army-2)
Squad-3(Army-2) наносит 0.84 урона Squad-3(Army-1)
Squad-3(Army-3) наносит 1.47 урона Squad-2(Army-1)
Squad-2(Army-2) наносит 4.71 урона Squad-3(Army-1)
Squad-1(Army-3) наносит 1.65 урона Squad-2(Army-2)
Squad-1(Army-2) наносит 1.65 урона Squad-3(Army-1)
Squad-3(Army-3) наносит 1.5 урона Squad-1(Army-2)
Squad-2(Army-2) наносит 4.8 урона Squad-3(Army-1)
Squad-2(Army-3) наносит 4.8 урона Squad-2(Army-2)
Squad-3(Army-2) наносит 0.87 урона Squad-3(Army-1)
Squad-2(Army-3) наносит 4.8 урона Squad-1(Army-2)
Squad-1(Army-2) наносит 1.65 урона Squad-3(Army-1)
Squad-3(Army-3) наносит 1.53 урона Squad-3(Army-2)
Squad-3(Army-2) наносит 0.9 урона Squad-3(Army-1)
Squad-1(Army-3) наносит 1.65 урона Squad-2(Army-2)
Squad-3(Army-2) наносит 0.93 урона Squad-3(Army-1)
> Squad-3 (Army-1) уничтожен!
Squad-1(Army-3) наносит 1.65 урона Squad-2(Army-2)
Squad-3(Army-3) наносит 1.56 урона Squad-2(Army-1)
Squad-2(Army-2) наносит 4.8 урона Squad-2(Army-1)
Squad-1(Army-3) наносит 1.65 урона Squad-2(Army-2)
Squad-2(Army-1) наносит 2.91 урона Squad-1(Army-2)
Squad-2(Army-3) наносит 4.8 урона Squad-2(Army-1)
Squad-2(Army-1) наносит 3 урона Squad-1(Army-2)
Squad-3(Army-3) наносит 1.59 урона Squad-2(Army-2)
Squad-2(Army-1) наносит 3.09 урона Squad-1(Army-2)
Squad-1(Army-3) наносит 1.65 урона Squad-3(Army-2)
Squad-3(Army-3) наносит 1.62 урона Squad-3(Army-2)
Squad-3(Army-3) наносит 1.65 урона Squad-3(Army-2)
Squad-2(Army-3) наносит 4.8 урона Squad-2(Army-2)
Squad-3(Army-3) наносит 1.65 урона Squad-2(Army-2)
Squad-2(Army-1) наносит 3.18 урона Squad-3(Army-2)
Squad-1(Army-3) наносит 1.65 урона Squad-2(Army-1)
Squad-2(Army-3) наносит 4.8 урона Squad-2(Army-1)
Squad-2(Army-1) наносит 3.27 урона Squad-3(Army-2)
Squad-2(Army-3) наносит 4.8 урона Squad-2(Army-2)
Squad-2(Army-1) наносит 3.36 урона Squad-1(Army-2)
Squad-3(Army-3) наносит 1.65 урона Squad-2(Army-1)
Squad-1(Army-3) наносит 1.65 урона Squad-2(Army-1)
Squad-2(Army-1) наносит 3.45 урона Squad-1(Army-2)
Squad-2(Army-3) наносит 4.8 урона Squad-2(Army-1)
Squad-2(Army-2) наносит 4.8 урона Squad-2(Army-1)
Squad-3(Army-3) наносит 1.65 урона Squad-2(Army-2)
Squad-3(Army-3) наносит 1.65 урона Squad-2(Army-2)
Squad-2(Army-3) наносит 4.8 урона Squad-3(Army-2)
Squad-2(Army-1) наносит 3.54 урона Squad-1(Army-2)
Squad-3(Army-3) наносит 1.65 урона Squad-2(Army-2)
Squad-2(Army-3) наносит 4.8 урона Squad-2(Army-2)
Squad-2(Army-1) наносит 3.63 урона Squad-3(Army-2)
Squad-1(Army-3) наносит 1.65 урона Squad-2(Army-1)
Squad-3(Army-3) наносит 1.65 урона Squad-2(Army-1)
Squad-1(Army-3) наносит 1.65 урона Squad-2(Army-1)
Squad-2(Army-1) наносит 3.72 урона Squad-3(Army-2)
Squad-3(Army-3) наносит 1.65 урона Squad-2(Army-2)
Squad-2(Army-1) наносит 3.81 урона Squad-2(Army-2)
Squad-2(Army-3) наносит 4.8 урона Squad-2(Army-1)
Squad-2(Army-1) наносит 3.9 урона Squad-3(Army-2)
Squad-3(Army-3) наносит 1.65 урона Squad-2(Army-1)
Squad-2(Army-1) наносит 3.99 урона Squad-1(Army-2)
Squad-2(Army-3) наносит 4.8 урона Squad-2(Army-1)
Squad-2(Army-3) наносит 4.8 урона Squad-2(Army-1)
Squad-2(Army-2) наносит 4.8 урона Squad-2(Army-1)
Squad-2(Army-3) наносит 4.8 урона Squad-2(Army-2)
Squad-2(Army-2) наносит 4.8 урона Squad-2(Army-1)
Squad-1(Army-3) наносит 1.65 урона Squad-2(Army-2)
Squad-2(Army-3) наносит 4.8 урона Squad-2(Army-2)
Squad-2(Army-3) наносит 4.8 урона Squad-1(Army-2)
> Squad-1 (Army-2) уничтожен!
Squad-2(Army-3) наносит 4.8 урона Squad-2(Army-2)
Squad-2(Army-3) наносит 4.8 урона Squad-2(Army-1)
Squad-2(Army-1) наносит 4.08 урона Squad-3(Army-2)
Squad-2(Army-2) наносит 4.8 урона Squad-2(Army-1)
Squad-2(Army-3) наносит 4.8 урона Squad-2(Army-2)
Squad-3(Army-2) наносит 0.96 урона Squad-2(Army-1)
Squad-1(Army-3) наносит 1.65 урона Squad-2(Army-2)
Squad-2(Army-2) наносит 4.8 урона Squad-2(Army-1)
Squad-3(Army-3) наносит 1.65 урона Squad-2(Army-2)
Squad-2(Army-2) наносит 4.8 урона Squad-2(Army-1)
> Squad-2 (Army-1) уничтожен!
Squad-3(Army-3) наносит 1.65 урона Squad-2(Army-2)
>>> Army-1 уничтожена!
Squad-1(Army-3) наносит 1.65 урона Squad-3(Army-2)
Squad-1(Army-3) наносит 1.65 урона Squad-3(Army-2)
Squad-2(Army-3) наносит 4.8 урона Squad-2(Army-2)
> Squad-2 (Army-2) уничтожен!
Squad-2(Army-3) наносит 4.8 урона Squad-3(Army-2)
> Squad-3 (Army-2) уничтожен!
>>> Army-2 уничтожена!

Победитель: Army-3
Количество раундов - 262
